  [1m[35m (1.2ms)[0m  [1m[34mSELECT sqlite_version(*)[0m
  [1m[35m (28.1ms)[0m  [1m[35mCREATE TABLE "schema_migrations" ("version" varchar NOT NULL PRIMARY KEY)[0m
  [1m[35m (2.6ms)[0m  [1m[35mCREATE TABLE "ar_internal_metadata" ("key" varchar NOT NULL PRIMARY KEY, "value" varchar, "created_at" datetime(6) NOT NULL, "updated_at" datetime(6) NOT NULL)[0m
  [1m[35m (0.1ms)[0m  [1m[34mSELECT "schema_migrations"."version" FROM "schema_migrations" ORDER BY "schema_migrations"."version" ASC[0m
Migrating to CreateStudents (20221128175345)
  [1m[35m (0.0ms)[0m  [1m[36mbegin transaction[0m
  [1m[35m (0.3ms)[0m  [1m[35mCREATE TABLE "students" ("id" integer PRIMARY KEY AUTOINCREMENT NOT NULL, "name" varchar, "age" integer, "address" varchar, "phone" integer, "email" varchar, "created_at" datetime(6) NOT NULL, "updated_at" datetime(6) NOT NULL)[0m
  [1m[36mActiveRecord::SchemaMigration Create (0.1ms)[0m  [1m[32mINSERT INTO "schema_migrations" ("version") VALUES (?)[0m  [["version", "20221128175345"]]
  [1m[35m (3.0ms)[0m  [1m[36mcommit transaction[0m
Migrating to CreateMarks (20221128175518)
  [1m[35m (0.1ms)[0m  [1m[36mbegin transaction[0m
  [1m[35m (0.4ms)[0m  [1m[35mCREATE TABLE "marks" ("id" integer PRIMARY KEY AUTOINCREMENT NOT NULL, "m1" integer, "m2" integer, "m3" integer, "m4" integer, "m5" integer, "total_marks" integer, "percentage" float, "student_id" integer NOT NULL, "created_at" datetime(6) NOT NULL, "updated_at" datetime(6) NOT NULL, CONSTRAINT "fk_rails_6df61fbe7b"
FOREIGN KEY ("student_id")
  REFERENCES "students" ("id")
)[0m
  [1m[35m (0.2ms)[0m  [1m[35mCREATE  INDEX "index_marks_on_student_id" ON "marks" ("student_id")[0m
  [1m[36mActiveRecord::SchemaMigration Create (0.2ms)[0m  [1m[32mINSERT INTO "schema_migrations" ("version") VALUES (?)[0m  [["version", "20221128175518"]]
  [1m[35m (2.5ms)[0m  [1m[36mcommit transaction[0m
  [1m[36mActiveRecord::InternalMetadata Load (0.1ms)[0m  [1m[34mSELECT "ar_internal_metadata".* FROM "ar_internal_metadata" WHERE "ar_internal_metadata"."key" = ? LIMIT ?[0m  [["key", "environment"], ["LIMIT", 1]]
  [1m[35m (0.0ms)[0m  [1m[36mbegin transaction[0m
  [1m[36mActiveRecord::InternalMetadata Create (0.2ms)[0m  [1m[32mINSERT INTO "ar_internal_metadata" ("key", "value", "created_at", "updated_at") VALUES (?, ?, ?, ?)[0m  [["key", "environment"], ["value", "development"], ["created_at", "2022-11-28 17:55:31.185108"], ["updated_at", "2022-11-28 17:55:31.185108"]]
  [1m[35m (1.4ms)[0m  [1m[36mcommit transaction[0m
  [1m[35m (0.1ms)[0m  [1m[34mSELECT sqlite_version(*)[0m
  [1m[35m (0.1ms)[0m  [1m[34mSELECT "schema_migrations"."version" FROM "schema_migrations" ORDER BY "schema_migrations"."version" ASC[0m
Started GET "/students" for ::1 at 2022-11-28 23:25:55 +0530
  [1m[35m (0.4ms)[0m  [1m[34mSELECT sqlite_version(*)[0m
  [1m[35m (0.1ms)[0m  [1m[34mSELECT "schema_migrations"."version" FROM "schema_migrations" ORDER BY "schema_migrations"."version" ASC[0m
Processing by StudentsController#index as HTML
  Rendering students/index.html.erb within layouts/application
  [1m[36mStudent Load (0.2ms)[0m  [1m[34mSELECT "students".* FROM "students"[0m
  ↳ app/views/students/index.html.erb:18
  Rendered students/index.html.erb within layouts/application (Duration: 3.0ms | Allocations: 1880)
[Webpacker] Compiling...
[Webpacker] Compiled all packs in /home/souravkumar/Desktop/pre/stu/public/packs
[Webpacker] Though the "loose" option was set to "false" in your @babel/preset-env config, it will not be used for @babel/plugin-proposal-private-property-in-object since the "loose" mode option was set to "true" for @babel/plugin-proposal-class-properties.
The "loose" option must be the same for @babel/plugin-proposal-class-properties, @babel/plugin-proposal-private-methods and @babel/plugin-proposal-private-property-in-object (when they are enabled): you can silence this warning by explicitly adding
	["@babel/plugin-proposal-private-property-in-object", { "loose": true }]
to the "plugins" section of your Babel config.
Though the "loose" option was set to "false" in your @babel/preset-env config, it will not be used for @babel/plugin-proposal-private-methods since the "loose" mode option was set to "true" for @babel/plugin-proposal-private-property-in-object.
The "loose" option must be the same for @babel/plugin-proposal-class-properties, @babel/plugin-proposal-private-methods and @babel/plugin-proposal-private-property-in-object (when they are enabled): you can silence this warning by explicitly adding
	["@babel/plugin-proposal-private-methods", { "loose": true }]
to the "plugins" section of your Babel config.
Though the "loose" option was set to "false" in your @babel/preset-env config, it will not be used for @babel/plugin-proposal-private-property-in-object since the "loose" mode option was set to "true" for @babel/plugin-proposal-class-properties.
The "loose" option must be the same for @babel/plugin-proposal-class-properties, @babel/plugin-proposal-private-methods and @babel/plugin-proposal-private-property-in-object (when they are enabled): you can silence this warning by explicitly adding
	["@babel/plugin-proposal-private-property-in-object", { "loose": true }]
to the "plugins" section of your Babel config.
Though the "loose" option was set to "false" in your @babel/preset-env config, it will not be used for @babel/plugin-proposal-private-methods since the "loose" mode option was set to "true" for @babel/plugin-proposal-private-property-in-object.
The "loose" option must be the same for @babel/plugin-proposal-class-properties, @babel/plugin-proposal-private-methods and @babel/plugin-proposal-private-property-in-object (when they are enabled): you can silence this warning by explicitly adding
	["@babel/plugin-proposal-private-methods", { "loose": true }]
to the "plugins" section of your Babel config.
Though the "loose" option was set to "false" in your @babel/preset-env config, it will not be used for @babel/plugin-proposal-private-property-in-object since the "loose" mode option was set to "true" for @babel/plugin-proposal-class-properties.
The "loose" option must be the same for @babel/plugin-proposal-class-properties, @babel/plugin-proposal-private-methods and @babel/plugin-proposal-private-property-in-object (when they are enabled): you can silence this warning by explicitly adding
	["@babel/plugin-proposal-private-property-in-object", { "loose": true }]
to the "plugins" section of your Babel config.
Though the "loose" option was set to "false" in your @babel/preset-env config, it will not be used for @babel/plugin-proposal-private-methods since the "loose" mode option was set to "true" for @babel/plugin-proposal-private-property-in-object.
The "loose" option must be the same for @babel/plugin-proposal-class-properties, @babel/plugin-proposal-private-methods and @babel/plugin-proposal-private-property-in-object (when they are enabled): you can silence this warning by explicitly adding
	["@babel/plugin-proposal-private-methods", { "loose": true }]
to the "plugins" section of your Babel config.
Though the "loose" option was set to "false" in your @babel/preset-env config, it will not be used for @babel/plugin-proposal-private-property-in-object since the "loose" mode option was set to "true" for @babel/plugin-proposal-class-properties.
The "loose" option must be the same for @babel/plugin-proposal-class-properties, @babel/plugin-proposal-private-methods and @babel/plugin-proposal-private-property-in-object (when they are enabled): you can silence this warning by explicitly adding
	["@babel/plugin-proposal-private-property-in-object", { "loose": true }]
to the "plugins" section of your Babel config.
Though the "loose" option was set to "false" in your @babel/preset-env config, it will not be used for @babel/plugin-proposal-private-methods since the "loose" mode option was set to "true" for @babel/plugin-proposal-private-property-in-object.
The "loose" option must be the same for @babel/plugin-proposal-class-properties, @babel/plugin-proposal-private-methods and @babel/plugin-proposal-private-property-in-object (when they are enabled): you can silence this warning by explicitly adding
	["@babel/plugin-proposal-private-methods", { "loose": true }]
to the "plugins" section of your Babel config.
Though the "loose" option was set to "false" in your @babel/preset-env config, it will not be used for @babel/plugin-proposal-private-property-in-object since the "loose" mode option was set to "true" for @babel/plugin-proposal-class-properties.
The "loose" option must be the same for @babel/plugin-proposal-class-properties, @babel/plugin-proposal-private-methods and @babel/plugin-proposal-private-property-in-object (when they are enabled): you can silence this warning by explicitly adding
	["@babel/plugin-proposal-private-property-in-object", { "loose": true }]
to the "plugins" section of your Babel config.
Though the "loose" option was set to "false" in your @babel/preset-env config, it will not be used for @babel/plugin-proposal-private-methods since the "loose" mode option was set to "true" for @babel/plugin-proposal-private-property-in-object.
The "loose" option must be the same for @babel/plugin-proposal-class-properties, @babel/plugin-proposal-private-methods and @babel/plugin-proposal-private-property-in-object (when they are enabled): you can silence this warning by explicitly adding
	["@babel/plugin-proposal-private-methods", { "loose": true }]
to the "plugins" section of your Babel config.

[Webpacker] Hash: 666b4b17c239d77fe3e2
Version: webpack 4.46.0
Time: 1388ms
Built at: 28/11/2022 23:25:57
                                     Asset       Size       Chunks                         Chunk Names
    js/application-82550c4e3b8b39cde23f.js    120 KiB  application  [emitted] [immutable]  application
js/application-82550c4e3b8b39cde23f.js.map    133 KiB  application  [emitted] [dev]        application
                             manifest.json  364 bytes               [emitted]              
Entrypoint application = js/application-82550c4e3b8b39cde23f.js js/application-82550c4e3b8b39cde23f.js.map
[./app/javascript/channels sync recursive _channel\.js$] ./app/javascript/channels sync _channel\.js$ 160 bytes {application} [built]
[./app/javascript/channels/index.js] 211 bytes {application} [built]
[./app/javascript/packs/application.js] 748 bytes {application} [built]
    + 3 hidden modules

Completed 200 OK in 2494ms (Views: 2476.0ms | ActiveRecord: 0.4ms | Allocations: 33994)


Started GET "/students/new" for ::1 at 2022-11-28 23:26:00 +0530
Processing by StudentsController#new as HTML
  Rendering students/new.html.erb within layouts/application
  Rendered students/_form.html.erb (Duration: 12.9ms | Allocations: 6447)
  Rendered students/new.html.erb within layouts/application (Duration: 14.0ms | Allocations: 6817)
[Webpacker] Everything's up-to-date. Nothing to do
Completed 200 OK in 43ms (Views: 17.7ms | ActiveRecord: 0.4ms | Allocations: 16027)


Started POST "/students" for ::1 at 2022-11-28 23:26:15 +0530
Processing by StudentsController#create as HTML
  Parameters: {"authenticity_token"=>"eLIVksZxAsT6BYJ4K5qmVEZL4ni8L1wznWXG9zGN/hvQp649+OIIyZVDFc9alJwKEYwUoPdyLfHi9k81yFp/mg==", "student"=>{"name"=>"saurav", "age"=>"24", "address"=>"bangalore", "phone"=>"7991148687", "email"=>"saurav.88048@gmail.com"}, "commit"=>"Create Student"}
  [1m[35m (0.1ms)[0m  [1m[36mbegin transaction[0m
  ↳ app/controllers/students_controller.rb:27:in `block in create'
  [1m[36mStudent Create (0.4ms)[0m  [1m[32mINSERT INTO "students" ("name", "age", "address", "phone", "email", "created_at", "updated_at") VALUES (?, ?, ?, ?, ?, ?, ?)[0m  [["name", "saurav"], ["age", 24], ["address", "bangalore"], ["phone", 7991148687], ["email", "saurav.88048@gmail.com"], ["created_at", "2022-11-28 17:56:15.111293"], ["updated_at", "2022-11-28 17:56:15.111293"]]
  ↳ app/controllers/students_controller.rb:27:in `block in create'
  [1m[35m (2.7ms)[0m  [1m[36mcommit transaction[0m
  ↳ app/controllers/students_controller.rb:27:in `block in create'
Redirected to http://localhost:3000/students/1
Completed 302 Found in 14ms (ActiveRecord: 3.1ms | Allocations: 5377)


Started GET "/students/1" for ::1 at 2022-11-28 23:26:15 +0530
Processing by StudentsController#show as HTML
  Parameters: {"id"=>"1"}
  [1m[36mStudent Load (0.2ms)[0m  [1m[34mSELECT "students".* FROM "students" WHERE "students"."id" = ? LIMIT ?[0m  [["id", 1], ["LIMIT", 1]]
  ↳ app/controllers/students_controller.rb:63:in `set_student'
  Rendering students/show.html.erb within layouts/application
  Rendered students/show.html.erb within layouts/application (Duration: 1.0ms | Allocations: 350)
[Webpacker] Everything's up-to-date. Nothing to do
Completed 200 OK in 8ms (Views: 5.1ms | ActiveRecord: 0.2ms | Allocations: 5275)


Started GET "/students" for ::1 at 2022-11-28 23:26:17 +0530
Processing by StudentsController#index as HTML
  Rendering students/index.html.erb within layouts/application
  [1m[36mStudent Load (0.1ms)[0m  [1m[34mSELECT "students".* FROM "students"[0m
  ↳ app/views/students/index.html.erb:18
  Rendered students/index.html.erb within layouts/application (Duration: 1.6ms | Allocations: 865)
[Webpacker] Everything's up-to-date. Nothing to do
Completed 200 OK in 6ms (Views: 5.3ms | ActiveRecord: 0.1ms | Allocations: 4626)


Started GET "/students/new" for ::1 at 2022-11-28 23:26:18 +0530
Processing by StudentsController#new as HTML
  Rendering students/new.html.erb within layouts/application
  Rendered students/_form.html.erb (Duration: 2.6ms | Allocations: 1570)
  Rendered students/new.html.erb within layouts/application (Duration: 2.9ms | Allocations: 1673)
[Webpacker] Everything's up-to-date. Nothing to do
Completed 200 OK in 7ms (Views: 6.6ms | ActiveRecord: 0.0ms | Allocations: 5430)


Started POST "/students" for ::1 at 2022-11-28 23:26:33 +0530
Processing by StudentsController#create as HTML
  Parameters: {"authenticity_token"=>"tTQjy1oYR3lzbVbKzmaQcddvYhBfQSzj7etKN9kParAdIZhkZItNdBwrwX2/aKovgKiUyBQcXSGSeMP1INjrMQ==", "student"=>{"name"=>"amit", "age"=>"26", "address"=>"bangalore", "phone"=>"256456245", "email"=>"amit.89@gmail.com"}, "commit"=>"Create Student"}
  [1m[35m (0.1ms)[0m  [1m[36mbegin transaction[0m
  ↳ app/controllers/students_controller.rb:27:in `block in create'
  [1m[36mStudent Create (0.6ms)[0m  [1m[32mINSERT INTO "students" ("name", "age", "address", "phone", "email", "created_at", "updated_at") VALUES (?, ?, ?, ?, ?, ?, ?)[0m  [["name", "amit"], ["age", 26], ["address", "bangalore"], ["phone", 256456245], ["email", "amit.89@gmail.com"], ["created_at", "2022-11-28 17:56:33.422963"], ["updated_at", "2022-11-28 17:56:33.422963"]]
  ↳ app/controllers/students_controller.rb:27:in `block in create'
  [1m[35m (2.5ms)[0m  [1m[36mcommit transaction[0m
  ↳ app/controllers/students_controller.rb:27:in `block in create'
Redirected to http://localhost:3000/students/2
Completed 302 Found in 17ms (ActiveRecord: 3.2ms | Allocations: 5143)


Started GET "/students/2" for ::1 at 2022-11-28 23:26:33 +0530
Processing by StudentsController#show as HTML
  Parameters: {"id"=>"2"}
  [1m[36mStudent Load (0.2ms)[0m  [1m[34mSELECT "students".* FROM "students" WHERE "students"."id" = ? LIMIT ?[0m  [["id", 2], ["LIMIT", 1]]
  ↳ app/controllers/students_controller.rb:63:in `set_student'
  Rendering students/show.html.erb within layouts/application
  Rendered students/show.html.erb within layouts/application (Duration: 0.7ms | Allocations: 110)
[Webpacker] Everything's up-to-date. Nothing to do
Completed 200 OK in 13ms (Views: 9.8ms | ActiveRecord: 0.2ms | Allocations: 4431)


Started GET "/students" for ::1 at 2022-11-28 23:26:35 +0530
Processing by StudentsController#index as HTML
  Rendering students/index.html.erb within layouts/application
  [1m[36mStudent Load (0.1ms)[0m  [1m[34mSELECT "students".* FROM "students"[0m
  ↳ app/views/students/index.html.erb:18
  Rendered students/index.html.erb within layouts/application (Duration: 1.4ms | Allocations: 1032)
[Webpacker] Everything's up-to-date. Nothing to do
Completed 200 OK in 6ms (Views: 5.0ms | ActiveRecord: 0.1ms | Allocations: 4779)


Started GET "/marks" for ::1 at 2022-11-28 23:26:46 +0530
Processing by MarksController#index as HTML
  Rendering marks/index.html.erb within layouts/application
  [1m[36mMark Load (0.4ms)[0m  [1m[34mSELECT "marks".* FROM "marks"[0m
  ↳ app/views/marks/index.html.erb:21
  Rendered marks/index.html.erb within layouts/application (Duration: 4.7ms | Allocations: 1689)
[Webpacker] Everything's up-to-date. Nothing to do
Completed 200 OK in 16ms (Views: 8.4ms | ActiveRecord: 0.8ms | Allocations: 7192)


Started GET "/marks/new" for ::1 at 2022-11-28 23:26:48 +0530
Processing by MarksController#new as HTML
  Rendering marks/new.html.erb within layouts/application
  Rendered marks/_form.html.erb (Duration: 5.9ms | Allocations: 3122)
  Rendered marks/new.html.erb within layouts/application (Duration: 7.2ms | Allocations: 3474)
[Webpacker] Everything's up-to-date. Nothing to do
Completed 200 OK in 29ms (Views: 13.2ms | ActiveRecord: 0.5ms | Allocations: 14335)


Started POST "/marks" for ::1 at 2022-11-28 23:27:08 +0530
Processing by MarksController#create as HTML
  Parameters: {"authenticity_token"=>"w23OWwxaj429m5AJbPAV2sjeI/qyWbXAy0Ry9udezDnjbFtoxsJDGJ0DNIvitPAeLwhLM9ujDifdllhw/3q6qg==", "mark"=>{"m1"=>"74", "m2"=>"54", "m3"=>"35", "m4"=>"87", "m5"=>"65", "total_marks"=>"", "percentage"=>"", "student_id"=>"saurav"}, "commit"=>"Create Mark"}
  [1m[35m (0.2ms)[0m  [1m[36mbegin transaction[0m
  ↳ app/controllers/marks_controller.rb:27:in `block in create'
  [1m[36mStudent Load (0.1ms)[0m  [1m[34mSELECT "students".* FROM "students" WHERE "students"."id" = ? LIMIT ?[0m  [["id", 0], ["LIMIT", 1]]
  ↳ app/controllers/marks_controller.rb:27:in `block in create'
  [1m[35m (0.1ms)[0m  [1m[31mrollback transaction[0m
  ↳ app/controllers/marks_controller.rb:27:in `block in create'
  Rendering marks/new.html.erb within layouts/application
  Rendered marks/_form.html.erb (Duration: 3.6ms | Allocations: 2532)
  Rendered marks/new.html.erb within layouts/application (Duration: 3.9ms | Allocations: 2634)
[Webpacker] Everything's up-to-date. Nothing to do
Completed 422 Unprocessable Entity in 27ms (Views: 8.9ms | ActiveRecord: 0.4ms | Allocations: 13547)


Started POST "/marks" for ::1 at 2022-11-28 23:27:15 +0530
Processing by MarksController#create as HTML
  Parameters: {"authenticity_token"=>"KrVMOa9vEcJ7KgVsANYkqNlAdPwp1udpVKlsAdd98MBIZ9un+e/mlWX8MILyx8+3KC/ShyvjF0WgyEPtjpYVGw==", "mark"=>{"m1"=>"74", "m2"=>"54", "m3"=>"35", "m4"=>"87", "m5"=>"65", "total_marks"=>"", "percentage"=>"", "student_id"=>"1"}, "commit"=>"Create Mark"}
  [1m[35m (0.1ms)[0m  [1m[36mbegin transaction[0m
  ↳ app/controllers/marks_controller.rb:27:in `block in create'
  [1m[36mStudent Load (0.1ms)[0m  [1m[34mSELECT "students".* FROM "students" WHERE "students"."id" = ? LIMIT ?[0m  [["id", 1], ["LIMIT", 1]]
  ↳ app/controllers/marks_controller.rb:27:in `block in create'
  [1m[36mMark Create (0.2ms)[0m  [1m[32mINSERT INTO "marks" ("m1", "m2", "m3", "m4", "m5", "student_id", "created_at", "updated_at") VALUES (?, ?, ?, ?, ?, ?, ?, ?)[0m  [["m1", 74], ["m2", 54], ["m3", 35], ["m4", 87], ["m5", 65], ["student_id", 1], ["created_at", "2022-11-28 17:57:15.104838"], ["updated_at", "2022-11-28 17:57:15.104838"]]
  ↳ app/controllers/marks_controller.rb:27:in `block in create'
  [1m[35m (2.6ms)[0m  [1m[36mcommit transaction[0m
  ↳ app/controllers/marks_controller.rb:27:in `block in create'
Redirected to http://localhost:3000/marks/1
Completed 302 Found in 23ms (ActiveRecord: 3.0ms | Allocations: 6479)


Started GET "/marks/1" for ::1 at 2022-11-28 23:27:15 +0530
Processing by MarksController#show as HTML
  Parameters: {"id"=>"1"}
  [1m[36mMark Load (0.2ms)[0m  [1m[34mSELECT "marks".* FROM "marks" WHERE "marks"."id" = ? LIMIT ?[0m  [["id", 1], ["LIMIT", 1]]
  ↳ app/controllers/marks_controller.rb:63:in `set_mark'
  Rendering marks/show.html.erb within layouts/application
  Rendered marks/show.html.erb within layouts/application (Duration: 0.6ms | Allocations: 418)
[Webpacker] Everything's up-to-date. Nothing to do
Completed 200 OK in 7ms (Views: 4.6ms | ActiveRecord: 0.2ms | Allocations: 5046)


Started GET "/marks" for ::1 at 2022-11-28 23:27:18 +0530
Processing by MarksController#index as HTML
  Rendering marks/index.html.erb within layouts/application
  [1m[36mMark Load (0.1ms)[0m  [1m[34mSELECT "marks".* FROM "marks"[0m
  ↳ app/views/marks/index.html.erb:21
  Rendered marks/index.html.erb within layouts/application (Duration: 1.3ms | Allocations: 855)
[Webpacker] Everything's up-to-date. Nothing to do
Completed 200 OK in 5ms (Views: 4.7ms | ActiveRecord: 0.1ms | Allocations: 4596)


Started GET "/marks/new" for ::1 at 2022-11-28 23:27:20 +0530
Processing by MarksController#new as HTML
  Rendering marks/new.html.erb within layouts/application
  Rendered marks/_form.html.erb (Duration: 4.5ms | Allocations: 2275)
  Rendered marks/new.html.erb within layouts/application (Duration: 5.0ms | Allocations: 2377)
[Webpacker] Everything's up-to-date. Nothing to do
Completed 200 OK in 12ms (Views: 10.7ms | ActiveRecord: 0.0ms | Allocations: 6122)


Started POST "/marks" for ::1 at 2022-11-28 23:27:43 +0530
Processing by MarksController#create as HTML
  Parameters: {"authenticity_token"=>"6lbPD2pmjXULj043MfjsnYpthWkoHUt/cHnxiJjdeXnKV1o8oP5B4CsX6rW/vAlZbbvtoEHn8Jhmq9sOgPkP6g==", "mark"=>{"m1"=>"54", "m2"=>"45", "m3"=>"64", "m4"=>"51", "m5"=>"24", "total_marks"=>"", "percentage"=>"", "student_id"=>"2"}, "commit"=>"Create Mark"}
  [1m[35m (0.1ms)[0m  [1m[36mbegin transaction[0m
  ↳ app/controllers/marks_controller.rb:27:in `block in create'
  [1m[36mStudent Load (0.2ms)[0m  [1m[34mSELECT "students".* FROM "students" WHERE "students"."id" = ? LIMIT ?[0m  [["id", 2], ["LIMIT", 1]]
  ↳ app/controllers/marks_controller.rb:27:in `block in create'
  [1m[36mMark Create (0.5ms)[0m  [1m[32mINSERT INTO "marks" ("m1", "m2", "m3", "m4", "m5", "student_id", "created_at", "updated_at") VALUES (?, ?, ?, ?, ?, ?, ?, ?)[0m  [["m1", 54], ["m2", 45], ["m3", 64], ["m4", 51], ["m5", 24], ["student_id", 2], ["created_at", "2022-11-28 17:57:43.256908"], ["updated_at", "2022-11-28 17:57:43.256908"]]
  ↳ app/controllers/marks_controller.rb:27:in `block in create'
  [1m[35m (2.3ms)[0m  [1m[36mcommit transaction[0m
  ↳ app/controllers/marks_controller.rb:27:in `block in create'
Redirected to http://localhost:3000/marks/2
Completed 302 Found in 13ms (ActiveRecord: 3.0ms | Allocations: 6453)


Started GET "/marks/2" for ::1 at 2022-11-28 23:27:43 +0530
Processing by MarksController#show as HTML
  Parameters: {"id"=>"2"}
  [1m[36mMark Load (0.3ms)[0m  [1m[34mSELECT "marks".* FROM "marks" WHERE "marks"."id" = ? LIMIT ?[0m  [["id", 2], ["LIMIT", 1]]
  ↳ app/controllers/marks_controller.rb:63:in `set_mark'
  Rendering marks/show.html.erb within layouts/application
  Rendered marks/show.html.erb within layouts/application (Duration: 0.3ms | Allocations: 115)
[Webpacker] Everything's up-to-date. Nothing to do
Completed 200 OK in 7ms (Views: 4.3ms | ActiveRecord: 0.3ms | Allocations: 4424)


Started GET "/marks" for ::1 at 2022-11-28 23:27:45 +0530
Processing by MarksController#index as HTML
  Rendering marks/index.html.erb within layouts/application
  [1m[36mMark Load (0.1ms)[0m  [1m[34mSELECT "marks".* FROM "marks"[0m
  ↳ app/views/marks/index.html.erb:21
  Rendered marks/index.html.erb within layouts/application (Duration: 1.4ms | Allocations: 1036)
[Webpacker] Everything's up-to-date. Nothing to do
Completed 200 OK in 5ms (Views: 4.7ms | ActiveRecord: 0.1ms | Allocations: 4780)


Started GET "/marks" for ::1 at 2022-11-28 23:30:34 +0530
  [1m[35m (0.6ms)[0m  [1m[34mSELECT sqlite_version(*)[0m
  [1m[35m (0.3ms)[0m  [1m[34mSELECT "schema_migrations"."version" FROM "schema_migrations" ORDER BY "schema_migrations"."version" ASC[0m
Processing by MarksController#index as HTML
  Rendering marks/index.html.erb within layouts/application
  [1m[36mMark Load (0.2ms)[0m  [1m[34mSELECT "marks".* FROM "marks"[0m
  ↳ app/views/marks/index.html.erb:21
  Rendered marks/index.html.erb within layouts/application (Duration: 46.2ms | Allocations: 13412)
Completed 500 Internal Server Error in 66ms (ActiveRecord: 0.8ms | Allocations: 17514)


  
ActionView::Template::Error (undefined method `student_name' for #<Mark:0x00007fa8d528c708>
Did you mean?  student):
    27:         <td><%= mark.m5 %></td>
    28:         <td><%= mark.total_marks %></td>
    29:         <td><%= mark.percentage %></td>
    30:         <td><%= mark.student_name %></td>
    31:         <td><%= link_to 'Show', mark %></td>
    32:         <td><%= link_to 'Edit', edit_mark_path(mark) %></td>
    33:         <td><%= link_to 'Destroy', mark, method: :delete, data: { confirm: 'Are you sure?' } %></td>
  
app/views/marks/index.html.erb:30
app/views/marks/index.html.erb:21
Started GET "/marks" for ::1 at 2022-11-28 23:30:36 +0530
Processing by MarksController#index as HTML
  Rendering marks/index.html.erb within layouts/application
  [1m[36mMark Load (0.2ms)[0m  [1m[34mSELECT "marks".* FROM "marks"[0m
  ↳ app/views/marks/index.html.erb:21
  Rendered marks/index.html.erb within layouts/application (Duration: 10.3ms | Allocations: 4175)
Completed 500 Internal Server Error in 12ms (ActiveRecord: 0.2ms | Allocations: 4817)


  
ActionView::Template::Error (undefined method `student_name' for #<Mark:0x00007fa8d4f2d968>
Did you mean?  student):
    27:         <td><%= mark.m5 %></td>
    28:         <td><%= mark.total_marks %></td>
    29:         <td><%= mark.percentage %></td>
    30:         <td><%= mark.student_name %></td>
    31:         <td><%= link_to 'Show', mark %></td>
    32:         <td><%= link_to 'Edit', edit_mark_path(mark) %></td>
    33:         <td><%= link_to 'Destroy', mark, method: :delete, data: { confirm: 'Are you sure?' } %></td>
  
app/views/marks/index.html.erb:30
app/views/marks/index.html.erb:21
Started GET "/marks" for ::1 at 2022-11-28 23:30:57 +0530
Processing by MarksController#index as HTML
  Rendering marks/index.html.erb within layouts/application
  [1m[36mMark Load (0.2ms)[0m  [1m[34mSELECT "marks".* FROM "marks"[0m
  ↳ app/views/marks/index.html.erb:21
  Rendered marks/index.html.erb within layouts/application (Duration: 5.5ms | Allocations: 2915)
Completed 500 Internal Server Error in 9ms (ActiveRecord: 0.2ms | Allocations: 4282)


  
SyntaxError (/home/souravkumar/Desktop/pre/stu/app/models/student.rb:2: syntax error, unexpected ':', expecting end
    has_many : marks
             ^):
  
app/models/student.rb:2: syntax error, unexpected ':', expecting end
app/models/student.rb:2: syntax error, unexpected ':', expecting end
app/models/student.rb:2: syntax error, unexpected ':', expecting end
app/views/marks/index.html.erb:30
app/views/marks/index.html.erb:21
Started GET "/marks" for ::1 at 2022-11-28 23:31:24 +0530
  [1m[35m (0.1ms)[0m  [1m[34mSELECT sqlite_version(*)[0m
Processing by MarksController#index as HTML
  Rendering marks/index.html.erb within layouts/application
  [1m[36mMark Load (0.2ms)[0m  [1m[34mSELECT "marks".* FROM "marks"[0m
  ↳ app/views/marks/index.html.erb:21
  Rendered marks/index.html.erb within layouts/application (Duration: 8.8ms | Allocations: 9427)
Completed 500 Internal Server Error in 11ms (ActiveRecord: 0.7ms | Allocations: 10862)


  
SyntaxError (/home/souravkumar/Desktop/pre/stu/app/models/student.rb:2: syntax error, unexpected ':', expecting end
    has_many : mark
             ^):
  
app/models/student.rb:2: syntax error, unexpected ':', expecting end
app/models/student.rb:2: syntax error, unexpected ':', expecting end
app/models/student.rb:2: syntax error, unexpected ':', expecting end
app/views/marks/index.html.erb:30
app/views/marks/index.html.erb:21
Started GET "/marks" for ::1 at 2022-11-28 23:31:26 +0530
Processing by MarksController#index as HTML
  Rendering marks/index.html.erb within layouts/application
  [1m[36mMark Load (0.2ms)[0m  [1m[34mSELECT "marks".* FROM "marks"[0m
  ↳ app/views/marks/index.html.erb:21
  Rendered marks/index.html.erb within layouts/application (Duration: 3.1ms | Allocations: 1863)
Completed 500 Internal Server Error in 5ms (ActiveRecord: 0.2ms | Allocations: 2472)


  
SyntaxError (/home/souravkumar/Desktop/pre/stu/app/models/student.rb:2: syntax error, unexpected ':', expecting end
    has_many : mark
             ^):
  
app/models/student.rb:2: syntax error, unexpected ':', expecting end
app/models/student.rb:2: syntax error, unexpected ':', expecting end
app/models/student.rb:2: syntax error, unexpected ':', expecting end
app/views/marks/index.html.erb:30
app/views/marks/index.html.erb:21
Started GET "/marks" for ::1 at 2022-11-28 23:31:51 +0530
  [1m[35m (0.1ms)[0m  [1m[34mSELECT sqlite_version(*)[0m
Processing by MarksController#index as HTML
  Rendering marks/index.html.erb within layouts/application
  [1m[36mMark Load (0.2ms)[0m  [1m[34mSELECT "marks".* FROM "marks"[0m
  ↳ app/views/marks/index.html.erb:21
  [1m[36mStudent Load (0.1ms)[0m  [1m[34mSELECT "students".* FROM "students" WHERE "students"."id" = ? LIMIT ?[0m  [["id", 1], ["LIMIT", 1]]
  ↳ app/views/marks/index.html.erb:30
  [1m[36mStudent Load (0.1ms)[0m  [1m[34mSELECT "students".* FROM "students" WHERE "students"."id" = ? LIMIT ?[0m  [["id", 2], ["LIMIT", 1]]
  ↳ app/views/marks/index.html.erb:30
  Rendered marks/index.html.erb within layouts/application (Duration: 21.9ms | Allocations: 18480)
Completed 200 OK in 30ms (Views: 26.6ms | ActiveRecord: 1.3ms | Allocations: 24247)


Started GET "/students" for ::1 at 2022-11-28 23:35:08 +0530
Processing by StudentsController#index as HTML
  Rendering students/index.html.erb within layouts/application
  [1m[36mStudent Load (0.2ms)[0m  [1m[34mSELECT "students".* FROM "students"[0m
  ↳ app/views/students/index.html.erb:18
  Rendered students/index.html.erb within layouts/application (Duration: 2.5ms | Allocations: 1437)
Completed 200 OK in 7ms (Views: 5.5ms | ActiveRecord: 0.2ms | Allocations: 4512)


Started GET "/students" for ::1 at 2022-11-28 23:35:10 +0530
Processing by StudentsController#index as HTML
  Rendering students/index.html.erb within layouts/application
  [1m[36mStudent Load (0.2ms)[0m  [1m[34mSELECT "students".* FROM "students"[0m
  ↳ app/views/students/index.html.erb:18
  Rendered students/index.html.erb within layouts/application (Duration: 2.4ms | Allocations: 1051)
Completed 200 OK in 6ms (Views: 5.3ms | ActiveRecord: 0.2ms | Allocations: 3188)


Started GET "/students" for ::1 at 2022-11-28 23:35:10 +0530
Processing by StudentsController#index as HTML
  Rendering students/index.html.erb within layouts/application
  [1m[36mStudent Load (0.1ms)[0m  [1m[34mSELECT "students".* FROM "students"[0m
  ↳ app/views/students/index.html.erb:18
  Rendered students/index.html.erb within layouts/application (Duration: 1.3ms | Allocations: 1032)
Completed 200 OK in 7ms (Views: 5.9ms | ActiveRecord: 0.1ms | Allocations: 3147)


Started GET "/students/1" for ::1 at 2022-11-28 23:35:12 +0530
Processing by StudentsController#show as HTML
  Parameters: {"id"=>"1"}
  [1m[36mStudent Load (0.2ms)[0m  [1m[34mSELECT "students".* FROM "students" WHERE "students"."id" = ? LIMIT ?[0m  [["id", 1], ["LIMIT", 1]]
  ↳ app/controllers/students_controller.rb:63:in `set_student'
  Rendering students/show.html.erb within layouts/application
  Rendered students/show.html.erb within layouts/application (Duration: 1.0ms | Allocations: 347)
Completed 200 OK in 14ms (Views: 8.8ms | ActiveRecord: 0.2ms | Allocations: 3268)


Started GET "/marks/1" for ::1 at 2022-11-28 23:35:18 +0530
Processing by MarksController#show as HTML
  Parameters: {"id"=>"1"}
  [1m[36mMark Load (0.2ms)[0m  [1m[34mSELECT "marks".* FROM "marks" WHERE "marks"."id" = ? LIMIT ?[0m  [["id", 1], ["LIMIT", 1]]
  ↳ app/controllers/marks_controller.rb:63:in `set_mark'
  Rendering marks/show.html.erb within layouts/application
  [1m[36mStudent Load (1.2ms)[0m  [1m[34mSELECT "students".* FROM "students" WHERE "students"."id" = ? LIMIT ?[0m  [["id", 1], ["LIMIT", 1]]
  ↳ app/views/marks/show.html.erb:40
  Rendered marks/show.html.erb within layouts/application (Duration: 11.4ms | Allocations: 2562)
Completed 500 Internal Server Error in 19ms (ActiveRecord: 1.5ms | Allocations: 4459)


  
ActionView::Template::Error (undefined method `marks' for nil:NilClass):
    41: </p>
    42: 
    43: 
    44: <% @student.marks.each do |i|%>
    45:   Marks of M1 : <%= i.m1 %><br>
    46:   Marks of M2 : <%= i.m2 %><br>
    47:   Marks of M3 : <%= i.m3 %><br>
  
app/views/marks/show.html.erb:44
Started GET "/marks/1" for ::1 at 2022-11-28 23:35:28 +0530
Processing by MarksController#show as HTML
  Parameters: {"id"=>"1"}
  [1m[36mMark Load (0.2ms)[0m  [1m[34mSELECT "marks".* FROM "marks" WHERE "marks"."id" = ? LIMIT ?[0m  [["id", 1], ["LIMIT", 1]]
  ↳ app/controllers/marks_controller.rb:63:in `set_mark'
  Rendering marks/show.html.erb within layouts/application
  [1m[36mStudent Load (0.2ms)[0m  [1m[34mSELECT "students".* FROM "students" WHERE "students"."id" = ? LIMIT ?[0m  [["id", 1], ["LIMIT", 1]]
  ↳ app/views/marks/show.html.erb:40
  Rendered marks/show.html.erb within layouts/application (Duration: 12.1ms | Allocations: 2127)
Completed 500 Internal Server Error in 15ms (ActiveRecord: 0.3ms | Allocations: 3297)


  
ActionView::Template::Error (undefined method `marks' for nil:NilClass):
    41: </p>
    42: 
    43: 
    44: <% @student.marks.each do |i|%>
    45:   Marks of M1 : <%= i.m1 %><br>
    46:   Marks of M2 : <%= i.m2 %><br>
    47:   Marks of M3 : <%= i.m3 %><br>
  
app/views/marks/show.html.erb:44
Started GET "/marks" for ::1 at 2022-11-28 23:35:32 +0530
Processing by MarksController#index as HTML
  Rendering marks/index.html.erb within layouts/application
  [1m[36mMark Load (0.2ms)[0m  [1m[34mSELECT "marks".* FROM "marks"[0m
  ↳ app/views/marks/index.html.erb:21
  [1m[36mStudent Load (0.1ms)[0m  [1m[34mSELECT "students".* FROM "students" WHERE "students"."id" = ? LIMIT ?[0m  [["id", 1], ["LIMIT", 1]]
  ↳ app/views/marks/index.html.erb:30
  [1m[36mStudent Load (0.1ms)[0m  [1m[34mSELECT "students".* FROM "students" WHERE "students"."id" = ? LIMIT ?[0m  [["id", 2], ["LIMIT", 1]]
  ↳ app/views/marks/index.html.erb:30
  Rendered marks/index.html.erb within layouts/application (Duration: 6.1ms | Allocations: 2874)
Completed 200 OK in 10ms (Views: 8.3ms | ActiveRecord: 0.4ms | Allocations: 5140)


Started GET "/marks/1" for ::1 at 2022-11-28 23:35:37 +0530
Processing by MarksController#show as HTML
  Parameters: {"id"=>"1"}
  [1m[36mMark Load (0.2ms)[0m  [1m[34mSELECT "marks".* FROM "marks" WHERE "marks"."id" = ? LIMIT ?[0m  [["id", 1], ["LIMIT", 1]]
  ↳ app/controllers/marks_controller.rb:63:in `set_mark'
  Rendering marks/show.html.erb within layouts/application
  [1m[36mStudent Load (0.1ms)[0m  [1m[34mSELECT "students".* FROM "students" WHERE "students"."id" = ? LIMIT ?[0m  [["id", 1], ["LIMIT", 1]]
  ↳ app/views/marks/show.html.erb:40
  Rendered marks/show.html.erb within layouts/application (Duration: 3.2ms | Allocations: 2128)
Completed 500 Internal Server Error in 6ms (ActiveRecord: 0.3ms | Allocations: 3279)


  
ActionView::Template::Error (undefined method `marks' for nil:NilClass):
    41: </p>
    42: 
    43: 
    44: <% @student.marks.each do |i|%>
    45:   Marks of M1 : <%= i.m1 %><br>
    46:   Marks of M2 : <%= i.m2 %><br>
    47:   Marks of M3 : <%= i.m3 %><br>
  
app/views/marks/show.html.erb:44
Started GET "/marks/1" for ::1 at 2022-11-28 23:36:11 +0530
Processing by MarksController#show as HTML
  Parameters: {"id"=>"1"}
  [1m[36mMark Load (0.1ms)[0m  [1m[34mSELECT "marks".* FROM "marks" WHERE "marks"."id" = ? LIMIT ?[0m  [["id", 1], ["LIMIT", 1]]
  ↳ app/controllers/marks_controller.rb:63:in `set_mark'
  Rendering marks/show.html.erb within layouts/application
  Rendered marks/show.html.erb within layouts/application (Duration: 1.6ms | Allocations: 1795)
Completed 500 Internal Server Error in 4ms (ActiveRecord: 0.1ms | Allocations: 3685)


  
ActionView::Template::Error (undefined method `marks' for nil:NilClass):
    41: </p>
    42: 
    43: 
    44: <% @student.marks.each do |i|%>
    45:   Marks of M1 : <%= i.m1 %><br>
    46:   Marks of M2 : <%= i.m2 %><br>
    47:   Marks of M3 : <%= i.m3 %><br>
  
app/views/marks/show.html.erb:44
Started GET "/marks/1" for ::1 at 2022-11-28 23:36:11 +0530
Processing by MarksController#show as HTML
  Parameters: {"id"=>"1"}
  [1m[36mMark Load (0.2ms)[0m  [1m[34mSELECT "marks".* FROM "marks" WHERE "marks"."id" = ? LIMIT ?[0m  [["id", 1], ["LIMIT", 1]]
  ↳ app/controllers/marks_controller.rb:63:in `set_mark'
  Rendering marks/show.html.erb within layouts/application
  Rendered marks/show.html.erb within layouts/application (Duration: 8.5ms | Allocations: 1377)
Completed 500 Internal Server Error in 11ms (ActiveRecord: 0.2ms | Allocations: 2529)


  
ActionView::Template::Error (undefined method `marks' for nil:NilClass):
    41: </p>
    42: 
    43: 
    44: <% @student.marks.each do |i|%>
    45:   Marks of M1 : <%= i.m1 %><br>
    46:   Marks of M2 : <%= i.m2 %><br>
    47:   Marks of M3 : <%= i.m3 %><br>
  
app/views/marks/show.html.erb:44
Started GET "/marks/1" for ::1 at 2022-11-28 23:37:19 +0530
Processing by MarksController#show as HTML
  Parameters: {"id"=>"1"}
  [1m[36mMark Load (0.1ms)[0m  [1m[34mSELECT "marks".* FROM "marks" WHERE "marks"."id" = ? LIMIT ?[0m  [["id", 1], ["LIMIT", 1]]
  ↳ app/controllers/marks_controller.rb:63:in `set_mark'
  Rendering marks/show.html.erb within layouts/application
  Rendered marks/show.html.erb within layouts/application (Duration: 2.1ms | Allocations: 1794)
Completed 500 Internal Server Error in 6ms (ActiveRecord: 0.1ms | Allocations: 3684)


  
ActionView::Template::Error (undefined method `mark' for nil:NilClass):
    41: </p>
    42: 
    43: 
    44: <% @student.mark.each do |i|%>
    45:   Marks of M1 : <%= i.m1 %><br>
    46:   Marks of M2 : <%= i.m2 %><br>
    47:   Marks of M3 : <%= i.m3 %><br>
  
app/views/marks/show.html.erb:44
Started GET "/marks/1" for ::1 at 2022-11-28 23:37:20 +0530
Processing by MarksController#show as HTML
  Parameters: {"id"=>"1"}
  [1m[36mMark Load (0.1ms)[0m  [1m[34mSELECT "marks".* FROM "marks" WHERE "marks"."id" = ? LIMIT ?[0m  [["id", 1], ["LIMIT", 1]]
  ↳ app/controllers/marks_controller.rb:63:in `set_mark'
  Rendering marks/show.html.erb within layouts/application
  Rendered marks/show.html.erb within layouts/application (Duration: 1.1ms | Allocations: 1377)
Completed 500 Internal Server Error in 3ms (ActiveRecord: 0.1ms | Allocations: 2527)


  
ActionView::Template::Error (undefined method `mark' for nil:NilClass):
    41: </p>
    42: 
    43: 
    44: <% @student.mark.each do |i|%>
    45:   Marks of M1 : <%= i.m1 %><br>
    46:   Marks of M2 : <%= i.m2 %><br>
    47:   Marks of M3 : <%= i.m3 %><br>
  
app/views/marks/show.html.erb:44
Started GET "/marks/1" for ::1 at 2022-11-28 23:37:43 +0530
Processing by MarksController#show as HTML
  Parameters: {"id"=>"1"}
  [1m[36mMark Load (0.3ms)[0m  [1m[34mSELECT "marks".* FROM "marks" WHERE "marks"."id" = ? LIMIT ?[0m  [["id", 1], ["LIMIT", 1]]
  ↳ app/controllers/marks_controller.rb:63:in `set_mark'
  Rendering marks/show.html.erb within layouts/application
  Rendered marks/show.html.erb within layouts/application (Duration: 1.5ms | Allocations: 1794)
Completed 500 Internal Server Error in 7ms (ActiveRecord: 0.3ms | Allocations: 3684)


  
ActionView::Template::Error (undefined method `marks' for nil:NilClass):
    41: </p>
    42: 
    43: 
    44: <% @student.marks.each do |i| %>
    45:   Marks of M1 : <%= i.m1 %><br>
    46:   Marks of M2 : <%= i.m2 %><br>
    47:   Marks of M3 : <%= i.m3 %><br>
  
app/views/marks/show.html.erb:44
Started GET "/marks/1" for ::1 at 2022-11-28 23:37:44 +0530
Processing by MarksController#show as HTML
  Parameters: {"id"=>"1"}
  [1m[36mMark Load (0.2ms)[0m  [1m[34mSELECT "marks".* FROM "marks" WHERE "marks"."id" = ? LIMIT ?[0m  [["id", 1], ["LIMIT", 1]]
  ↳ app/controllers/marks_controller.rb:63:in `set_mark'
  Rendering marks/show.html.erb within layouts/application
  Rendered marks/show.html.erb within layouts/application (Duration: 3.9ms | Allocations: 1378)
Completed 500 Internal Server Error in 10ms (ActiveRecord: 0.2ms | Allocations: 2528)


  
ActionView::Template::Error (undefined method `marks' for nil:NilClass):
    41: </p>
    42: 
    43: 
    44: <% @student.marks.each do |i| %>
    45:   Marks of M1 : <%= i.m1 %><br>
    46:   Marks of M2 : <%= i.m2 %><br>
    47:   Marks of M3 : <%= i.m3 %><br>
  
app/views/marks/show.html.erb:44
Started GET "/marks/1" for ::1 at 2022-11-28 23:38:03 +0530
Processing by MarksController#show as HTML
  Parameters: {"id"=>"1"}
  [1m[36mMark Load (0.2ms)[0m  [1m[34mSELECT "marks".* FROM "marks" WHERE "marks"."id" = ? LIMIT ?[0m  [["id", 1], ["LIMIT", 1]]
  ↳ app/controllers/marks_controller.rb:63:in `set_mark'
  Rendering marks/show.html.erb within layouts/application
  Rendered marks/show.html.erb within layouts/application (Duration: 0.8ms | Allocations: 406)
Completed 200 OK in 6ms (Views: 4.0ms | ActiveRecord: 0.2ms | Allocations: 3974)


Started GET "/marks" for ::1 at 2022-11-28 23:38:57 +0530
Processing by MarksController#index as HTML
  Rendering marks/index.html.erb within layouts/application
  [1m[36mMark Load (0.2ms)[0m  [1m[34mSELECT "marks".* FROM "marks"[0m
  ↳ app/views/marks/index.html.erb:21
  [1m[36mStudent Load (0.1ms)[0m  [1m[34mSELECT "students".* FROM "students" WHERE "students"."id" = ? LIMIT ?[0m  [["id", 1], ["LIMIT", 1]]
  ↳ app/views/marks/index.html.erb:30
  [1m[36mStudent Load (0.1ms)[0m  [1m[34mSELECT "students".* FROM "students" WHERE "students"."id" = ? LIMIT ?[0m  [["id", 2], ["LIMIT", 1]]
  ↳ app/views/marks/index.html.erb:30
  Rendered marks/index.html.erb within layouts/application (Duration: 5.5ms | Allocations: 2875)
Completed 200 OK in 10ms (Views: 8.8ms | ActiveRecord: 0.4ms | Allocations: 5882)


Started GET "/marks" for ::1 at 2022-11-28 23:39:00 +0530
Processing by MarksController#index as HTML
  Rendering marks/index.html.erb within layouts/application
  [1m[36mMark Load (0.2ms)[0m  [1m[34mSELECT "marks".* FROM "marks"[0m
  ↳ app/views/marks/index.html.erb:21
  [1m[36mStudent Load (0.1ms)[0m  [1m[34mSELECT "students".* FROM "students" WHERE "students"."id" = ? LIMIT ?[0m  [["id", 1], ["LIMIT", 1]]
  ↳ app/views/marks/index.html.erb:30
  [1m[36mStudent Load (0.1ms)[0m  [1m[34mSELECT "students".* FROM "students" WHERE "students"."id" = ? LIMIT ?[0m  [["id", 2], ["LIMIT", 1]]
  ↳ app/views/marks/index.html.erb:30
  Rendered marks/index.html.erb within layouts/application (Duration: 5.3ms | Allocations: 2548)
Completed 200 OK in 9ms (Views: 7.4ms | ActiveRecord: 0.4ms | Allocations: 4670)


Started GET "/marks/1" for ::1 at 2022-11-28 23:39:02 +0530
Processing by MarksController#show as HTML
  Parameters: {"id"=>"1"}
  [1m[36mMark Load (0.1ms)[0m  [1m[34mSELECT "marks".* FROM "marks" WHERE "marks"."id" = ? LIMIT ?[0m  [["id", 1], ["LIMIT", 1]]
  ↳ app/controllers/marks_controller.rb:63:in `set_mark'
  Rendering marks/show.html.erb within layouts/application
  Rendered marks/show.html.erb within layouts/application (Duration: 2.3ms | Allocations: 1794)
Completed 500 Internal Server Error in 5ms (ActiveRecord: 0.1ms | Allocations: 3088)


  
ActionView::Template::Error (undefined method `marks' for nil:NilClass):
    41: </p>
    42: 
    43: 
    44: <% @student.marks.each do |i| %>
    45:   Marks of M1 : <%= i.m1 %><br>
    46:   Marks of M2 : <%= i.m2 %><br>
    47:   Marks of M3 : <%= i.m3 %><br>
  
app/views/marks/show.html.erb:44
Started GET "/marks/1" for ::1 at 2022-11-28 23:39:32 +0530
Processing by MarksController#show as HTML
  Parameters: {"id"=>"1"}
  [1m[36mMark Load (0.2ms)[0m  [1m[34mSELECT "marks".* FROM "marks" WHERE "marks"."id" = ? LIMIT ?[0m  [["id", 1], ["LIMIT", 1]]
  ↳ app/controllers/marks_controller.rb:63:in `set_mark'
  Rendering marks/show.html.erb within layouts/application
  Rendered marks/show.html.erb within layouts/application (Duration: 2.6ms | Allocations: 1794)
Completed 500 Internal Server Error in 7ms (ActiveRecord: 0.2ms | Allocations: 3690)


  
ActionView::Template::Error (undefined method `marks' for nil:NilClass):
    41: </p>
    42: 
    43: 
    44: <% @students.marks.each do |i| %>
    45:   Marks of M1 : <%= i.m1 %><br>
    46:   Marks of M2 : <%= i.m2 %><br>
    47:   Marks of M3 : <%= i.m3 %><br>
  
app/views/marks/show.html.erb:44
Started GET "/marks/1" for ::1 at 2022-11-28 23:39:33 +0530
Processing by MarksController#show as HTML
  Parameters: {"id"=>"1"}
  [1m[36mMark Load (0.3ms)[0m  [1m[34mSELECT "marks".* FROM "marks" WHERE "marks"."id" = ? LIMIT ?[0m  [["id", 1], ["LIMIT", 1]]
  ↳ app/controllers/marks_controller.rb:63:in `set_mark'
  Rendering marks/show.html.erb within layouts/application
  Rendered marks/show.html.erb within layouts/application (Duration: 2.2ms | Allocations: 1377)
Completed 500 Internal Server Error in 7ms (ActiveRecord: 0.3ms | Allocations: 2533)


  
ActionView::Template::Error (undefined method `marks' for nil:NilClass):
    41: </p>
    42: 
    43: 
    44: <% @students.marks.each do |i| %>
    45:   Marks of M1 : <%= i.m1 %><br>
    46:   Marks of M2 : <%= i.m2 %><br>
    47:   Marks of M3 : <%= i.m3 %><br>
  
app/views/marks/show.html.erb:44
Started GET "/marks/1" for ::1 at 2022-11-28 23:39:50 +0530
Processing by MarksController#show as HTML
  Parameters: {"id"=>"1"}
  [1m[36mMark Load (0.2ms)[0m  [1m[34mSELECT "marks".* FROM "marks" WHERE "marks"."id" = ? LIMIT ?[0m  [["id", 1], ["LIMIT", 1]]
  ↳ app/controllers/marks_controller.rb:63:in `set_mark'
  Rendering marks/show.html.erb within layouts/application
  Rendered marks/show.html.erb within layouts/application (Duration: 3.3ms | Allocations: 1794)
Completed 500 Internal Server Error in 10ms (ActiveRecord: 0.2ms | Allocations: 3690)


  
ActionView::Template::Error (undefined method `mark' for nil:NilClass):
    41: </p>
    42: 
    43: 
    44: <% @students.mark.each do |i| %>
    45:   Marks of M1 : <%= i.m1 %><br>
    46:   Marks of M2 : <%= i.m2 %><br>
    47:   Marks of M3 : <%= i.m3 %><br>
  
app/views/marks/show.html.erb:44
Started GET "/marks/1" for ::1 at 2022-11-28 23:39:51 +0530
Processing by MarksController#show as HTML
  Parameters: {"id"=>"1"}
  [1m[36mMark Load (0.2ms)[0m  [1m[34mSELECT "marks".* FROM "marks" WHERE "marks"."id" = ? LIMIT ?[0m  [["id", 1], ["LIMIT", 1]]
  ↳ app/controllers/marks_controller.rb:63:in `set_mark'
  Rendering marks/show.html.erb within layouts/application
  Rendered marks/show.html.erb within layouts/application (Duration: 1.3ms | Allocations: 1377)
Completed 500 Internal Server Error in 4ms (ActiveRecord: 0.2ms | Allocations: 2533)


  
ActionView::Template::Error (undefined method `mark' for nil:NilClass):
    41: </p>
    42: 
    43: 
    44: <% @students.mark.each do |i| %>
    45:   Marks of M1 : <%= i.m1 %><br>
    46:   Marks of M2 : <%= i.m2 %><br>
    47:   Marks of M3 : <%= i.m3 %><br>
  
app/views/marks/show.html.erb:44
Started GET "/marks/1" for ::1 at 2022-11-28 23:42:03 +0530
Processing by MarksController#show as HTML
  Parameters: {"id"=>"1"}
  [1m[36mMark Load (0.1ms)[0m  [1m[34mSELECT "marks".* FROM "marks" WHERE "marks"."id" = ? LIMIT ?[0m  [["id", 1], ["LIMIT", 1]]
  ↳ app/controllers/marks_controller.rb:63:in `set_mark'
  Rendering marks/show.html.erb within layouts/application
  Rendered marks/show.html.erb within layouts/application (Duration: 23.5ms | Allocations: 3821)
Completed 500 Internal Server Error in 26ms (ActiveRecord: 0.1ms | Allocations: 5719)


  
ActionView::Template::Error (undefined method `student_name' for #<Mark:0x00007fa8dcc364f0>
Did you mean?  student):
    37: 
    38: <p>
    39:   <strong>Student:</strong>
    40:   <%= @mark.student_name %>
    41: </p>
    42: 
    43: 
  
app/views/marks/show.html.erb:40
Started GET "/marks/1" for ::1 at 2022-11-28 23:42:04 +0530
Processing by MarksController#show as HTML
  Parameters: {"id"=>"1"}
  [1m[36mMark Load (0.1ms)[0m  [1m[34mSELECT "marks".* FROM "marks" WHERE "marks"."id" = ? LIMIT ?[0m  [["id", 1], ["LIMIT", 1]]
  ↳ app/controllers/marks_controller.rb:63:in `set_mark'
  Rendering marks/show.html.erb within layouts/application
  Rendered marks/show.html.erb within layouts/application (Duration: 11.8ms | Allocations: 3498)
Completed 500 Internal Server Error in 14ms (ActiveRecord: 0.1ms | Allocations: 4654)


  
ActionView::Template::Error (undefined method `student_name' for #<Mark:0x00007fa8dc9c6af8>
Did you mean?  student):
    37: 
    38: <p>
    39:   <strong>Student:</strong>
    40:   <%= @mark.student_name %>
    41: </p>
    42: 
    43: 
  
app/views/marks/show.html.erb:40
Started GET "/marks/1" for ::1 at 2022-11-28 23:42:05 +0530
Processing by MarksController#show as HTML
  Parameters: {"id"=>"1"}
  [1m[36mMark Load (0.2ms)[0m  [1m[34mSELECT "marks".* FROM "marks" WHERE "marks"."id" = ? LIMIT ?[0m  [["id", 1], ["LIMIT", 1]]
  ↳ app/controllers/marks_controller.rb:63:in `set_mark'
  Rendering marks/show.html.erb within layouts/application
  Rendered marks/show.html.erb within layouts/application (Duration: 9.0ms | Allocations: 3498)
Completed 500 Internal Server Error in 11ms (ActiveRecord: 0.2ms | Allocations: 4653)


  
ActionView::Template::Error (undefined method `student_name' for #<Mark:0x00007fa8dc76bfb0>
Did you mean?  student):
    37: 
    38: <p>
    39:   <strong>Student:</strong>
    40:   <%= @mark.student_name %>
    41: </p>
    42: 
    43: 
  
app/views/marks/show.html.erb:40
Started GET "/marks/1" for ::1 at 2022-11-28 23:42:20 +0530
Processing by MarksController#show as HTML
  Parameters: {"id"=>"1"}
  [1m[36mMark Load (0.2ms)[0m  [1m[34mSELECT "marks".* FROM "marks" WHERE "marks"."id" = ? LIMIT ?[0m  [["id", 1], ["LIMIT", 1]]
  ↳ app/controllers/marks_controller.rb:63:in `set_mark'
  Rendering marks/show.html.erb within layouts/application
  [1m[36mStudent Load (0.2ms)[0m  [1m[34mSELECT "students".* FROM "students" WHERE "students"."id" = ? LIMIT ?[0m  [["id", 1], ["LIMIT", 1]]
  ↳ app/views/marks/show.html.erb:40
  Rendered marks/show.html.erb within layouts/application (Duration: 3.6ms | Allocations: 1154)
Completed 200 OK in 11ms (Views: 8.8ms | ActiveRecord: 0.4ms | Allocations: 4727)


Started GET "/marks" for ::1 at 2022-11-28 23:42:23 +0530
Processing by MarksController#index as HTML
  Rendering marks/index.html.erb within layouts/application
  [1m[36mMark Load (0.1ms)[0m  [1m[34mSELECT "marks".* FROM "marks"[0m
  ↳ app/views/marks/index.html.erb:21
  [1m[36mStudent Load (0.1ms)[0m  [1m[34mSELECT "students".* FROM "students" WHERE "students"."id" = ? LIMIT ?[0m  [["id", 1], ["LIMIT", 1]]
  ↳ app/views/marks/index.html.erb:30
  [1m[36mStudent Load (0.1ms)[0m  [1m[34mSELECT "students".* FROM "students" WHERE "students"."id" = ? LIMIT ?[0m  [["id", 2], ["LIMIT", 1]]
  ↳ app/views/marks/index.html.erb:30
  Rendered marks/index.html.erb within layouts/application (Duration: 4.2ms | Allocations: 2875)
Completed 200 OK in 7ms (Views: 5.7ms | ActiveRecord: 0.3ms | Allocations: 5137)


Started GET "/marks" for ::1 at 2022-11-28 23:43:01 +0530
Processing by MarksController#index as HTML
  Rendering marks/index.html.erb within layouts/application
  [1m[36mMark Load (0.2ms)[0m  [1m[34mSELECT "marks".* FROM "marks"[0m
  ↳ app/views/marks/index.html.erb:21
  [1m[36mStudent Load (0.2ms)[0m  [1m[34mSELECT "students".* FROM "students" WHERE "students"."id" = ? LIMIT ?[0m  [["id", 1], ["LIMIT", 1]]
  ↳ app/views/marks/index.html.erb:30
  [1m[36mStudent Load (0.1ms)[0m  [1m[34mSELECT "students".* FROM "students" WHERE "students"."id" = ? LIMIT ?[0m  [["id", 2], ["LIMIT", 1]]
  ↳ app/views/marks/index.html.erb:30
  Rendered marks/index.html.erb within layouts/application (Duration: 8.1ms | Allocations: 2875)
Completed 200 OK in 16ms (Views: 13.4ms | ActiveRecord: 0.6ms | Allocations: 5882)


Started GET "/marks" for ::1 at 2022-11-28 23:43:02 +0530
Processing by MarksController#index as HTML
  Rendering marks/index.html.erb within layouts/application
  [1m[36mMark Load (0.1ms)[0m  [1m[34mSELECT "marks".* FROM "marks"[0m
  ↳ app/views/marks/index.html.erb:21
  [1m[36mStudent Load (0.1ms)[0m  [1m[34mSELECT "students".* FROM "students" WHERE "students"."id" = ? LIMIT ?[0m  [["id", 1], ["LIMIT", 1]]
  ↳ app/views/marks/index.html.erb:30
  [1m[36mStudent Load (0.1ms)[0m  [1m[34mSELECT "students".* FROM "students" WHERE "students"."id" = ? LIMIT ?[0m  [["id", 2], ["LIMIT", 1]]
  ↳ app/views/marks/index.html.erb:30
  Rendered marks/index.html.erb within layouts/application (Duration: 3.7ms | Allocations: 2548)
Completed 200 OK in 7ms (Views: 5.9ms | ActiveRecord: 0.3ms | Allocations: 4654)


Started GET "/marks" for ::1 at 2022-11-28 23:43:02 +0530
Processing by MarksController#index as HTML
  Rendering marks/index.html.erb within layouts/application
  [1m[36mMark Load (0.1ms)[0m  [1m[34mSELECT "marks".* FROM "marks"[0m
  ↳ app/views/marks/index.html.erb:21
  [1m[36mStudent Load (0.1ms)[0m  [1m[34mSELECT "students".* FROM "students" WHERE "students"."id" = ? LIMIT ?[0m  [["id", 1], ["LIMIT", 1]]
  ↳ app/views/marks/index.html.erb:30
  [1m[36mStudent Load (0.2ms)[0m  [1m[34mSELECT "students".* FROM "students" WHERE "students"."id" = ? LIMIT ?[0m  [["id", 2], ["LIMIT", 1]]
  ↳ app/views/marks/index.html.erb:30
  Rendered marks/index.html.erb within layouts/application (Duration: 5.8ms | Allocations: 2539)
Completed 200 OK in 9ms (Views: 7.7ms | ActiveRecord: 0.4ms | Allocations: 4652)


Started GET "/marks" for ::1 at 2022-11-28 23:43:03 +0530
Processing by MarksController#index as HTML
  Rendering marks/index.html.erb within layouts/application
  [1m[36mMark Load (0.1ms)[0m  [1m[34mSELECT "marks".* FROM "marks"[0m
  ↳ app/views/marks/index.html.erb:21
  [1m[36mStudent Load (0.1ms)[0m  [1m[34mSELECT "students".* FROM "students" WHERE "students"."id" = ? LIMIT ?[0m  [["id", 1], ["LIMIT", 1]]
  ↳ app/views/marks/index.html.erb:30
  [1m[36mStudent Load (0.3ms)[0m  [1m[34mSELECT "students".* FROM "students" WHERE "students"."id" = ? LIMIT ?[0m  [["id", 2], ["LIMIT", 1]]
  ↳ app/views/marks/index.html.erb:30
  Rendered marks/index.html.erb within layouts/application (Duration: 4.3ms | Allocations: 2539)
Completed 200 OK in 7ms (Views: 5.8ms | ActiveRecord: 0.4ms | Allocations: 4656)


Started GET "/marks" for ::1 at 2022-11-28 23:43:03 +0530
Processing by MarksController#index as HTML
  Rendering marks/index.html.erb within layouts/application
  [1m[36mMark Load (0.1ms)[0m  [1m[34mSELECT "marks".* FROM "marks"[0m
  ↳ app/views/marks/index.html.erb:21
  [1m[36mStudent Load (0.1ms)[0m  [1m[34mSELECT "students".* FROM "students" WHERE "students"."id" = ? LIMIT ?[0m  [["id", 1], ["LIMIT", 1]]
  ↳ app/views/marks/index.html.erb:30
  [1m[36mStudent Load (0.1ms)[0m  [1m[34mSELECT "students".* FROM "students" WHERE "students"."id" = ? LIMIT ?[0m  [["id", 2], ["LIMIT", 1]]
  ↳ app/views/marks/index.html.erb:30
  Rendered marks/index.html.erb within layouts/application (Duration: 4.0ms | Allocations: 2539)
Completed 200 OK in 7ms (Views: 5.8ms | ActiveRecord: 0.3ms | Allocations: 4654)


Started GET "/marks/1" for ::1 at 2022-11-28 23:43:04 +0530
Processing by MarksController#show as HTML
  Parameters: {"id"=>"1"}
  [1m[36mMark Load (0.1ms)[0m  [1m[34mSELECT "marks".* FROM "marks" WHERE "marks"."id" = ? LIMIT ?[0m  [["id", 1], ["LIMIT", 1]]
  ↳ app/controllers/marks_controller.rb:63:in `set_mark'
  Rendering marks/show.html.erb within layouts/application
  [1m[36mStudent Load (0.1ms)[0m  [1m[34mSELECT "students".* FROM "students" WHERE "students"."id" = ? LIMIT ?[0m  [["id", 1], ["LIMIT", 1]]
  ↳ app/views/marks/show.html.erb:40
  Rendered marks/show.html.erb within layouts/application (Duration: 2.4ms | Allocations: 1154)
Completed 200 OK in 7ms (Views: 4.7ms | ActiveRecord: 0.3ms | Allocations: 3960)


Started GET "/marks/1/edit" for ::1 at 2022-11-28 23:43:09 +0530
Processing by MarksController#edit as HTML
  Parameters: {"id"=>"1"}
  [1m[36mMark Load (0.1ms)[0m  [1m[34mSELECT "marks".* FROM "marks" WHERE "marks"."id" = ? LIMIT ?[0m  [["id", 1], ["LIMIT", 1]]
  ↳ app/controllers/marks_controller.rb:63:in `set_mark'
  Rendering marks/edit.html.erb within layouts/application
  Rendered marks/_form.html.erb (Duration: 10.2ms | Allocations: 9359)
  Rendered marks/edit.html.erb within layouts/application (Duration: 11.1ms | Allocations: 9773)
Completed 200 OK in 14ms (Views: 12.9ms | ActiveRecord: 0.1ms | Allocations: 12599)


Started GET "/students/1" for ::1 at 2022-11-28 23:43:14 +0530
Processing by StudentsController#show as HTML
  Parameters: {"id"=>"1"}
  [1m[36mStudent Load (0.1ms)[0m  [1m[34mSELECT "students".* FROM "students" WHERE "students"."id" = ? LIMIT ?[0m  [["id", 1], ["LIMIT", 1]]
  ↳ app/controllers/students_controller.rb:63:in `set_student'
  Rendering students/show.html.erb within layouts/application
  [1m[36mMark Load (0.3ms)[0m  [1m[34mSELECT "marks".* FROM "marks" WHERE "marks"."student_id" = ?[0m  [["student_id", 1]]
  ↳ app/views/students/show.html.erb:28
  Rendered students/show.html.erb within layouts/application (Duration: 29.0ms | Allocations: 7496)
Completed 500 Internal Server Error in 32ms (ActiveRecord: 0.4ms | Allocations: 9225)


  
ActionView::Template::Error (undefined method `total' for #<Mark:0x00007fa8dcc373a0>):
    31:   Marks of M3 : <%= i.m3 %><br>
    32:   Marks of M4 : <%= i.m4 %><br>
    33:   Marks of M5 : <%= i.m5 %><br>
    34:   Total : <%= i.total %><br>
    35:   Percentage : <%= i.percentage %><br>
    36:   <%end%>
    37: 
  
app/views/students/show.html.erb:34
app/views/students/show.html.erb:28
Started GET "/students/1" for ::1 at 2022-11-28 23:43:37 +0530
Processing by StudentsController#show as HTML
  Parameters: {"id"=>"1"}
  [1m[36mStudent Load (0.2ms)[0m  [1m[34mSELECT "students".* FROM "students" WHERE "students"."id" = ? LIMIT ?[0m  [["id", 1], ["LIMIT", 1]]
  ↳ app/controllers/students_controller.rb:63:in `set_student'
  Rendering students/show.html.erb within layouts/application
  [1m[36mMark Load (0.2ms)[0m  [1m[34mSELECT "marks".* FROM "marks" WHERE "marks"."student_id" = ?[0m  [["student_id", 1]]
  ↳ app/views/students/show.html.erb:28
  Rendered students/show.html.erb within layouts/application (Duration: 4.2ms | Allocations: 1242)
Completed 200 OK in 13ms (Views: 9.7ms | ActiveRecord: 0.4ms | Allocations: 4821)


Started GET "/students" for ::1 at 2022-11-28 23:45:24 +0530
  [1m[35m (0.1ms)[0m  [1m[34mSELECT sqlite_version(*)[0m
  
NoMethodError (undefined method `before_save' for ApplicationController:Class
Did you mean?  before_action):
  
app/controllers/application_controller.rb:3:in `<class:ApplicationController>'
app/controllers/application_controller.rb:1:in `<main>'
app/controllers/students_controller.rb:1:in `<main>'
Started GET "/students" for ::1 at 2022-11-28 23:48:29 +0530
  [1m[35m (0.2ms)[0m  [1m[34mSELECT sqlite_version(*)[0m
  
NoMethodError (undefined method `before_save' for ApplicationController:Class
Did you mean?  before_action):
  
app/controllers/application_controller.rb:3:in `<class:ApplicationController>'
app/controllers/application_controller.rb:1:in `<main>'
app/controllers/students_controller.rb:1:in `<main>'
Started GET "/students" for ::1 at 2022-11-28 23:48:31 +0530
Processing by StudentsController#index as HTML
  Rendering students/index.html.erb within layouts/application
  [1m[36mStudent Load (0.5ms)[0m  [1m[34mSELECT "students".* FROM "students"[0m
  ↳ app/views/students/index.html.erb:18
  Rendered students/index.html.erb within layouts/application (Duration: 11.7ms | Allocations: 6974)
Completed 200 OK in 17ms (Views: 12.8ms | ActiveRecord: 1.5ms | Allocations: 10227)


Started GET "/students" for ::1 at 2022-11-28 23:48:34 +0530
Processing by StudentsController#index as HTML
  Rendering students/index.html.erb within layouts/application
  [1m[36mStudent Load (0.2ms)[0m  [1m[34mSELECT "students".* FROM "students"[0m
  ↳ app/views/students/index.html.erb:18
  Rendered students/index.html.erb within layouts/application (Duration: 2.6ms | Allocations: 1032)
Completed 200 OK in 7ms (Views: 5.8ms | ActiveRecord: 0.2ms | Allocations: 3158)


Started GET "/students/1" for ::1 at 2022-11-28 23:48:36 +0530
Processing by StudentsController#show as HTML
  Parameters: {"id"=>"1"}
  [1m[36mStudent Load (0.2ms)[0m  [1m[34mSELECT "students".* FROM "students" WHERE "students"."id" = ? LIMIT ?[0m  [["id", 1], ["LIMIT", 1]]
  ↳ app/controllers/students_controller.rb:63:in `set_student'
  Rendering students/show.html.erb within layouts/application
  [1m[36mMark Load (0.4ms)[0m  [1m[34mSELECT "marks".* FROM "marks" WHERE "marks"."student_id" = ?[0m  [["student_id", 1]]
  ↳ app/views/students/show.html.erb:28
  Rendered students/show.html.erb within layouts/application (Duration: 22.9ms | Allocations: 9922)
Completed 200 OK in 28ms (Views: 24.3ms | ActiveRecord: 1.6ms | Allocations: 12744)


Started GET "/marks/1" for ::1 at 2022-11-28 23:48:44 +0530
Processing by MarksController#show as HTML
  Parameters: {"id"=>"1"}
  [1m[36mMark Load (0.3ms)[0m  [1m[34mSELECT "marks".* FROM "marks" WHERE "marks"."id" = ? LIMIT ?[0m  [["id", 1], ["LIMIT", 1]]
  ↳ app/controllers/marks_controller.rb:63:in `set_mark'
  Rendering marks/show.html.erb within layouts/application
  [1m[36mStudent Load (0.2ms)[0m  [1m[34mSELECT "students".* FROM "students" WHERE "students"."id" = ? LIMIT ?[0m  [["id", 1], ["LIMIT", 1]]
  ↳ app/views/marks/show.html.erb:40
  Rendered marks/show.html.erb within layouts/application (Duration: 3.4ms | Allocations: 1323)
Completed 200 OK in 11ms (Views: 7.1ms | ActiveRecord: 0.5ms | Allocations: 4781)


Started GET "/marks" for ::1 at 2022-11-28 23:48:46 +0530
Processing by MarksController#index as HTML
  Rendering marks/index.html.erb within layouts/application
  [1m[36mMark Load (0.3ms)[0m  [1m[34mSELECT "marks".* FROM "marks"[0m
  ↳ app/views/marks/index.html.erb:21
  [1m[36mStudent Load (0.2ms)[0m  [1m[34mSELECT "students".* FROM "students" WHERE "students"."id" = ? LIMIT ?[0m  [["id", 1], ["LIMIT", 1]]
  ↳ app/views/marks/index.html.erb:30
  [1m[36mStudent Load (0.2ms)[0m  [1m[34mSELECT "students".* FROM "students" WHERE "students"."id" = ? LIMIT ?[0m  [["id", 2], ["LIMIT", 1]]
  ↳ app/views/marks/index.html.erb:30
  Rendered marks/index.html.erb within layouts/application (Duration: 7.5ms | Allocations: 2986)
Completed 200 OK in 12ms (Views: 9.8ms | ActiveRecord: 0.7ms | Allocations: 5244)


Started GET "/students" for ::1 at 2022-11-28 23:48:50 +0530
Processing by StudentsController#index as HTML
  Rendering students/index.html.erb within layouts/application
  [1m[36mStudent Load (0.2ms)[0m  [1m[34mSELECT "students".* FROM "students"[0m
  ↳ app/views/students/index.html.erb:18
  Rendered students/index.html.erb within layouts/application (Duration: 2.8ms | Allocations: 1041)
Completed 200 OK in 7ms (Views: 6.3ms | ActiveRecord: 0.2ms | Allocations: 3160)


Started GET "/students/1" for ::1 at 2022-11-28 23:48:52 +0530
Processing by StudentsController#show as HTML
  Parameters: {"id"=>"1"}
  [1m[36mStudent Load (0.1ms)[0m  [1m[34mSELECT "students".* FROM "students" WHERE "students"."id" = ? LIMIT ?[0m  [["id", 1], ["LIMIT", 1]]
  ↳ app/controllers/students_controller.rb:63:in `set_student'
  Rendering students/show.html.erb within layouts/application
  [1m[36mMark Load (0.1ms)[0m  [1m[34mSELECT "marks".* FROM "marks" WHERE "marks"."student_id" = ?[0m  [["student_id", 1]]
  ↳ app/views/students/show.html.erb:28
  Rendered students/show.html.erb within layouts/application (Duration: 2.0ms | Allocations: 882)
Completed 200 OK in 6ms (Views: 4.2ms | ActiveRecord: 0.3ms | Allocations: 3552)


Started GET "/students/1" for ::1 at 2022-11-28 23:49:14 +0530
  [1m[35m (0.1ms)[0m  [1m[34mSELECT sqlite_version(*)[0m
  
NoMethodError (undefined method `before_save' for ApplicationController:Class
Did you mean?  before_action):
  
app/controllers/application_controller.rb:3:in `<class:ApplicationController>'
app/controllers/application_controller.rb:1:in `<main>'
app/controllers/students_controller.rb:1:in `<main>'
Started GET "/students/1" for ::1 at 2022-11-28 23:49:15 +0530
Processing by StudentsController#show as HTML
  Parameters: {"id"=>"1"}
  [1m[36mStudent Load (0.2ms)[0m  [1m[34mSELECT "students".* FROM "students" WHERE "students"."id" = ? LIMIT ?[0m  [["id", 1], ["LIMIT", 1]]
  ↳ app/controllers/students_controller.rb:63:in `set_student'
  Rendering students/show.html.erb within layouts/application
  [1m[36mMark Load (0.2ms)[0m  [1m[34mSELECT "marks".* FROM "marks" WHERE "marks"."student_id" = ?[0m  [["student_id", 1]]
  ↳ app/views/students/show.html.erb:28
  Rendered students/show.html.erb within layouts/application (Duration: 18.0ms | Allocations: 9932)
Completed 200 OK in 37ms (Views: 20.1ms | ActiveRecord: 2.1ms | Allocations: 19269)


Started GET "/students/1" for ::1 at 2022-11-28 23:49:17 +0530
Processing by StudentsController#show as HTML
  Parameters: {"id"=>"1"}
  [1m[36mStudent Load (0.2ms)[0m  [1m[34mSELECT "students".* FROM "students" WHERE "students"."id" = ? LIMIT ?[0m  [["id", 1], ["LIMIT", 1]]
  ↳ app/controllers/students_controller.rb:63:in `set_student'
  Rendering students/show.html.erb within layouts/application
  [1m[36mMark Load (0.2ms)[0m  [1m[34mSELECT "marks".* FROM "marks" WHERE "marks"."student_id" = ?[0m  [["student_id", 1]]
  ↳ app/views/students/show.html.erb:28
  Rendered students/show.html.erb within layouts/application (Duration: 2.1ms | Allocations: 881)
Completed 200 OK in 7ms (Views: 4.9ms | ActiveRecord: 0.3ms | Allocations: 3567)


Started GET "/students/1" for ::1 at 2022-11-28 23:49:18 +0530
Processing by StudentsController#show as HTML
  Parameters: {"id"=>"1"}
  [1m[36mStudent Load (0.1ms)[0m  [1m[34mSELECT "students".* FROM "students" WHERE "students"."id" = ? LIMIT ?[0m  [["id", 1], ["LIMIT", 1]]
  ↳ app/controllers/students_controller.rb:63:in `set_student'
  Rendering students/show.html.erb within layouts/application
  [1m[36mMark Load (0.1ms)[0m  [1m[34mSELECT "marks".* FROM "marks" WHERE "marks"."student_id" = ?[0m  [["student_id", 1]]
  ↳ app/views/students/show.html.erb:28
  Rendered students/show.html.erb within layouts/application (Duration: 1.8ms | Allocations: 881)
Completed 200 OK in 6ms (Views: 3.9ms | ActiveRecord: 0.3ms | Allocations: 3555)


Started GET "/students" for ::1 at 2022-11-28 23:49:19 +0530
Processing by StudentsController#index as HTML
  Rendering students/index.html.erb within layouts/application
  [1m[36mStudent Load (0.3ms)[0m  [1m[34mSELECT "students".* FROM "students"[0m
  ↳ app/views/students/index.html.erb:18
  Rendered students/index.html.erb within layouts/application (Duration: 3.3ms | Allocations: 1132)
Completed 200 OK in 8ms (Views: 6.7ms | ActiveRecord: 0.3ms | Allocations: 3267)


Started GET "/students" for ::1 at 2022-11-28 23:49:21 +0530
Processing by StudentsController#index as HTML
  Rendering students/index.html.erb within layouts/application
  [1m[36mStudent Load (0.1ms)[0m  [1m[34mSELECT "students".* FROM "students"[0m
  ↳ app/views/students/index.html.erb:18
  Rendered students/index.html.erb within layouts/application (Duration: 1.4ms | Allocations: 1032)
Completed 200 OK in 4ms (Views: 3.0ms | ActiveRecord: 0.1ms | Allocations: 3143)


Started GET "/students" for ::1 at 2022-11-28 23:49:22 +0530
Processing by StudentsController#index as HTML
  Rendering students/index.html.erb within layouts/application
  [1m[36mStudent Load (0.2ms)[0m  [1m[34mSELECT "students".* FROM "students"[0m
  ↳ app/views/students/index.html.erb:18
  Rendered students/index.html.erb within layouts/application (Duration: 2.6ms | Allocations: 1032)
Completed 200 OK in 7ms (Views: 5.7ms | ActiveRecord: 0.2ms | Allocations: 3151)


Started GET "/students" for ::1 at 2022-11-28 23:49:22 +0530
Processing by StudentsController#index as HTML
  Rendering students/index.html.erb within layouts/application
  [1m[36mStudent Load (0.3ms)[0m  [1m[34mSELECT "students".* FROM "students"[0m
  ↳ app/views/students/index.html.erb:18
  Rendered students/index.html.erb within layouts/application (Duration: 3.0ms | Allocations: 1032)
Completed 200 OK in 8ms (Views: 6.6ms | ActiveRecord: 0.3ms | Allocations: 3147)


Started GET "/students/1" for ::1 at 2022-11-28 23:49:23 +0530
Processing by StudentsController#show as HTML
  Parameters: {"id"=>"1"}
  [1m[36mStudent Load (0.2ms)[0m  [1m[34mSELECT "students".* FROM "students" WHERE "students"."id" = ? LIMIT ?[0m  [["id", 1], ["LIMIT", 1]]
  ↳ app/controllers/students_controller.rb:63:in `set_student'
  Rendering students/show.html.erb within layouts/application
  [1m[36mMark Load (0.2ms)[0m  [1m[34mSELECT "marks".* FROM "marks" WHERE "marks"."student_id" = ?[0m  [["student_id", 1]]
  ↳ app/views/students/show.html.erb:28
  Rendered students/show.html.erb within layouts/application (Duration: 2.6ms | Allocations: 881)
Completed 200 OK in 8ms (Views: 5.8ms | ActiveRecord: 0.4ms | Allocations: 3551)


Started GET "/students" for ::1 at 2022-11-28 23:49:28 +0530
Processing by StudentsController#index as HTML
  Rendering students/index.html.erb within layouts/application
  [1m[36mStudent Load (0.1ms)[0m  [1m[34mSELECT "students".* FROM "students"[0m
  ↳ app/views/students/index.html.erb:18
  Rendered students/index.html.erb within layouts/application (Duration: 1.9ms | Allocations: 1032)
Completed 200 OK in 5ms (Views: 4.2ms | ActiveRecord: 0.1ms | Allocations: 3143)


Started GET "/students" for ::1 at 2022-11-28 23:51:29 +0530
Processing by StudentsController#index as HTML
  Rendering students/index.html.erb within layouts/application
  [1m[36mStudent Load (0.2ms)[0m  [1m[34mSELECT "students".* FROM "students"[0m
  ↳ app/views/students/index.html.erb:18
  Rendered students/index.html.erb within layouts/application (Duration: 2.2ms | Allocations: 1032)
Completed 200 OK in 6ms (Views: 5.3ms | ActiveRecord: 0.2ms | Allocations: 3139)


Started GET "/students" for ::1 at 2022-11-28 23:51:30 +0530
Processing by StudentsController#index as HTML
  Rendering students/index.html.erb within layouts/application
  [1m[36mStudent Load (0.4ms)[0m  [1m[34mSELECT "students".* FROM "students"[0m
  ↳ app/views/students/index.html.erb:18
  Rendered students/index.html.erb within layouts/application (Duration: 4.8ms | Allocations: 1032)
Completed 200 OK in 13ms (Views: 11.0ms | ActiveRecord: 0.4ms | Allocations: 3148)


Started GET "/students/1" for ::1 at 2022-11-28 23:51:32 +0530
Processing by StudentsController#show as HTML
  Parameters: {"id"=>"1"}
  [1m[36mStudent Load (0.1ms)[0m  [1m[34mSELECT "students".* FROM "students" WHERE "students"."id" = ? LIMIT ?[0m  [["id", 1], ["LIMIT", 1]]
  ↳ app/controllers/students_controller.rb:63:in `set_student'
  Rendering students/show.html.erb within layouts/application
  [1m[36mMark Load (0.1ms)[0m  [1m[34mSELECT "marks".* FROM "marks" WHERE "marks"."student_id" = ?[0m  [["student_id", 1]]
  ↳ app/views/students/show.html.erb:28
  Rendered students/show.html.erb within layouts/application (Duration: 1.9ms | Allocations: 881)
Completed 200 OK in 6ms (Views: 4.1ms | ActiveRecord: 0.3ms | Allocations: 3569)


Started GET "/students" for ::1 at 2022-11-28 23:51:40 +0530
Processing by StudentsController#index as HTML
  Rendering students/index.html.erb within layouts/application
  [1m[36mStudent Load (0.1ms)[0m  [1m[34mSELECT "students".* FROM "students"[0m
  ↳ app/views/students/index.html.erb:18
  Rendered students/index.html.erb within layouts/application (Duration: 1.4ms | Allocations: 1032)
Completed 200 OK in 4ms (Views: 3.0ms | ActiveRecord: 0.1ms | Allocations: 3159)


Started GET "/students/1" for ::1 at 2022-11-29 09:26:17 +0530
  [1m[35m (1.1ms)[0m  [1m[34mSELECT sqlite_version(*)[0m
  [1m[35m (0.2ms)[0m  [1m[34mSELECT "schema_migrations"."version" FROM "schema_migrations" ORDER BY "schema_migrations"."version" ASC[0m
  
NoMethodError (undefined method `before_save' for ApplicationController:Class
Did you mean?  before_action):
  
app/controllers/application_controller.rb:3:in `<class:ApplicationController>'
app/controllers/application_controller.rb:1:in `<main>'
app/controllers/students_controller.rb:1:in `<main>'
Started GET "/students/1" for ::1 at 2022-11-29 09:27:37 +0530
  [1m[35m (0.1ms)[0m  [1m[34mSELECT sqlite_version(*)[0m
  
NoMethodError (undefined method `before_save' for ApplicationController:Class
Did you mean?  before_action):
  
app/controllers/application_controller.rb:3:in `<class:ApplicationController>'
app/controllers/application_controller.rb:1:in `<main>'
app/controllers/students_controller.rb:1:in `<main>'
Started GET "/students/1" for ::1 at 2022-11-29 09:27:38 +0530
Processing by StudentsController#show as HTML
  Parameters: {"id"=>"1"}
  [1m[36mStudent Load (0.3ms)[0m  [1m[34mSELECT "students".* FROM "students" WHERE "students"."id" = ? LIMIT ?[0m  [["id", 1], ["LIMIT", 1]]
  ↳ app/controllers/students_controller.rb:63:in `set_student'
  Rendering students/show.html.erb within layouts/application
  [1m[36mMark Load (0.2ms)[0m  [1m[34mSELECT "marks".* FROM "marks" WHERE "marks"."student_id" = ?[0m  [["student_id", 1]]
  ↳ app/views/students/show.html.erb:28
  Rendered students/show.html.erb within layouts/application (Duration: 29.5ms | Allocations: 12892)
Completed 200 OK in 76ms (Views: 41.5ms | ActiveRecord: 2.3ms | Allocations: 27831)


Started GET "/students/1" for ::1 at 2022-11-29 09:27:40 +0530
Processing by StudentsController#show as HTML
  Parameters: {"id"=>"1"}
  [1m[36mStudent Load (0.2ms)[0m  [1m[34mSELECT "students".* FROM "students" WHERE "students"."id" = ? LIMIT ?[0m  [["id", 1], ["LIMIT", 1]]
  ↳ app/controllers/students_controller.rb:63:in `set_student'
  Rendering students/show.html.erb within layouts/application
  [1m[36mMark Load (0.2ms)[0m  [1m[34mSELECT "marks".* FROM "marks" WHERE "marks"."student_id" = ?[0m  [["student_id", 1]]
  ↳ app/views/students/show.html.erb:28
  Rendered students/show.html.erb within layouts/application (Duration: 3.9ms | Allocations: 888)
Completed 200 OK in 12ms (Views: 8.8ms | ActiveRecord: 0.5ms | Allocations: 3580)


Started GET "/marks/1" for ::1 at 2022-11-29 09:27:46 +0530
Processing by MarksController#show as HTML
  Parameters: {"id"=>"1"}
  [1m[36mMark Load (0.2ms)[0m  [1m[34mSELECT "marks".* FROM "marks" WHERE "marks"."id" = ? LIMIT ?[0m  [["id", 1], ["LIMIT", 1]]
  ↳ app/controllers/marks_controller.rb:63:in `set_mark'
  Rendering marks/show.html.erb within layouts/application
  [1m[36mStudent Load (0.2ms)[0m  [1m[34mSELECT "students".* FROM "students" WHERE "students"."id" = ? LIMIT ?[0m  [["id", 1], ["LIMIT", 1]]
  ↳ app/views/marks/show.html.erb:40
  Rendered marks/show.html.erb within layouts/application (Duration: 3.5ms | Allocations: 1335)
Completed 200 OK in 10ms (Views: 7.0ms | ActiveRecord: 0.4ms | Allocations: 4814)


Started GET "/marks" for ::1 at 2022-11-29 09:27:48 +0530
Processing by MarksController#index as HTML
  Rendering marks/index.html.erb within layouts/application
  [1m[36mMark Load (0.3ms)[0m  [1m[34mSELECT "marks".* FROM "marks"[0m
  ↳ app/views/marks/index.html.erb:21
  [1m[36mStudent Load (0.2ms)[0m  [1m[34mSELECT "students".* FROM "students" WHERE "students"."id" = ? LIMIT ?[0m  [["id", 1], ["LIMIT", 1]]
  ↳ app/views/marks/index.html.erb:30
  [1m[36mStudent Load (0.2ms)[0m  [1m[34mSELECT "students".* FROM "students" WHERE "students"."id" = ? LIMIT ?[0m  [["id", 2], ["LIMIT", 1]]
  ↳ app/views/marks/index.html.erb:30
  Rendered marks/index.html.erb within layouts/application (Duration: 8.6ms | Allocations: 3022)
Completed 200 OK in 14ms (Views: 12.1ms | ActiveRecord: 0.7ms | Allocations: 5296)


Started GET "/marks" for ::1 at 2022-11-29 09:29:40 +0530
Processing by MarksController#index as HTML
  Rendering marks/index.html.erb within layouts/application
  [1m[36mMark Load (0.2ms)[0m  [1m[34mSELECT "marks".* FROM "marks"[0m
  ↳ app/views/marks/index.html.erb:21
  [1m[36mStudent Load (0.1ms)[0m  [1m[34mSELECT "students".* FROM "students" WHERE "students"."id" = ? LIMIT ?[0m  [["id", 1], ["LIMIT", 1]]
  ↳ app/views/marks/index.html.erb:30
  [1m[36mStudent Load (0.1ms)[0m  [1m[34mSELECT "students".* FROM "students" WHERE "students"."id" = ? LIMIT ?[0m  [["id", 2], ["LIMIT", 1]]
  ↳ app/views/marks/index.html.erb:30
  Rendered marks/index.html.erb within layouts/application (Duration: 5.8ms | Allocations: 2539)
Completed 200 OK in 10ms (Views: 8.3ms | ActiveRecord: 0.4ms | Allocations: 4664)


Started GET "/marks/1" for ::1 at 2022-11-29 09:29:43 +0530
Processing by MarksController#show as HTML
  Parameters: {"id"=>"1"}
  [1m[36mMark Load (0.2ms)[0m  [1m[34mSELECT "marks".* FROM "marks" WHERE "marks"."id" = ? LIMIT ?[0m  [["id", 1], ["LIMIT", 1]]
  ↳ app/controllers/marks_controller.rb:63:in `set_mark'
  Rendering marks/show.html.erb within layouts/application
  [1m[36mStudent Load (0.2ms)[0m  [1m[34mSELECT "students".* FROM "students" WHERE "students"."id" = ? LIMIT ?[0m  [["id", 1], ["LIMIT", 1]]
  ↳ app/views/marks/show.html.erb:40
  Rendered marks/show.html.erb within layouts/application (Duration: 2.6ms | Allocations: 863)
Completed 200 OK in 8ms (Views: 5.9ms | ActiveRecord: 0.4ms | Allocations: 3530)


Started GET "/marks" for ::1 at 2022-11-29 09:29:45 +0530
Processing by MarksController#index as HTML
  Rendering marks/index.html.erb within layouts/application
  [1m[36mMark Load (0.1ms)[0m  [1m[34mSELECT "marks".* FROM "marks"[0m
  ↳ app/views/marks/index.html.erb:21
  [1m[36mStudent Load (0.1ms)[0m  [1m[34mSELECT "students".* FROM "students" WHERE "students"."id" = ? LIMIT ?[0m  [["id", 1], ["LIMIT", 1]]
  ↳ app/views/marks/index.html.erb:30
  [1m[36mStudent Load (0.1ms)[0m  [1m[34mSELECT "students".* FROM "students" WHERE "students"."id" = ? LIMIT ?[0m  [["id", 2], ["LIMIT", 1]]
  ↳ app/views/marks/index.html.erb:30
  Rendered marks/index.html.erb within layouts/application (Duration: 4.3ms | Allocations: 2539)
Completed 200 OK in 8ms (Views: 6.6ms | ActiveRecord: 0.3ms | Allocations: 4662)


Started GET "/marks/1/edit" for ::1 at 2022-11-29 09:29:49 +0530
Processing by MarksController#edit as HTML
  Parameters: {"id"=>"1"}
  [1m[36mMark Load (0.2ms)[0m  [1m[34mSELECT "marks".* FROM "marks" WHERE "marks"."id" = ? LIMIT ?[0m  [["id", 1], ["LIMIT", 1]]
  ↳ app/controllers/marks_controller.rb:63:in `set_mark'
  Rendering marks/edit.html.erb within layouts/application
  Rendered marks/_form.html.erb (Duration: 20.6ms | Allocations: 9361)
  Rendered marks/edit.html.erb within layouts/application (Duration: 22.4ms | Allocations: 9780)
Completed 200 OK in 29ms (Views: 26.2ms | ActiveRecord: 0.2ms | Allocations: 12593)


Started PATCH "/marks/1" for ::1 at 2022-11-29 09:29:50 +0530
Processing by MarksController#update as HTML
  Parameters: {"authenticity_token"=>"aKZ/wWrFph+1syPdW907L3EwcAWMi8puMbOOMHervYcGq+qeBVq9/2mI2Qln22aXGZEAiansEglS1A+8f8hnyg==", "mark"=>{"m1"=>"74", "m2"=>"54", "m3"=>"35", "m4"=>"87", "m5"=>"65", "total_marks"=>"", "percentage"=>"", "student_id"=>"1"}, "commit"=>"Update Mark", "id"=>"1"}
  [1m[36mMark Load (0.2ms)[0m  [1m[34mSELECT "marks".* FROM "marks" WHERE "marks"."id" = ? LIMIT ?[0m  [["id", 1], ["LIMIT", 1]]
  ↳ app/controllers/marks_controller.rb:63:in `set_mark'
  [1m[35m (0.1ms)[0m  [1m[36mbegin transaction[0m
  ↳ app/controllers/marks_controller.rb:40:in `block in update'
  [1m[36mStudent Load (0.2ms)[0m  [1m[34mSELECT "students".* FROM "students" WHERE "students"."id" = ? LIMIT ?[0m  [["id", 1], ["LIMIT", 1]]
  ↳ app/controllers/marks_controller.rb:40:in `block in update'
  [1m[35m (0.1ms)[0m  [1m[31mrollback transaction[0m
  ↳ app/controllers/marks_controller.rb:40:in `block in update'
Completed 500 Internal Server Error in 34ms (ActiveRecord: 0.6ms | Allocations: 8124)


  
NoMethodError (undefined method `students_percentage' for #<Mark:0x00007fe1f4978050>
Did you mean?  student_percentage):
  
app/controllers/marks_controller.rb:40:in `block in update'
app/controllers/marks_controller.rb:39:in `update'
Started PATCH "/marks/1" for ::1 at 2022-11-29 09:30:23 +0530
  [1m[35m (0.2ms)[0m  [1m[34mSELECT sqlite_version(*)[0m
  
NoMethodError (undefined method `before_save' for ApplicationController:Class
Did you mean?  before_action):
  
app/controllers/application_controller.rb:3:in `<class:ApplicationController>'
app/controllers/application_controller.rb:1:in `<main>'
app/controllers/marks_controller.rb:1:in `<main>'
Started PATCH "/marks/1" for ::1 at 2022-11-29 09:32:36 +0530
Processing by MarksController#update as HTML
  Parameters: {"authenticity_token"=>"aKZ/wWrFph+1syPdW907L3EwcAWMi8puMbOOMHervYcGq+qeBVq9/2mI2Qln22aXGZEAiansEglS1A+8f8hnyg==", "mark"=>{"m1"=>"74", "m2"=>"54", "m3"=>"35", "m4"=>"87", "m5"=>"65", "total_marks"=>"", "percentage"=>"", "student_id"=>"1"}, "commit"=>"Update Mark", "id"=>"1"}
  [1m[36mMark Load (0.2ms)[0m  [1m[34mSELECT "marks".* FROM "marks" WHERE "marks"."id" = ? LIMIT ?[0m  [["id", 1], ["LIMIT", 1]]
  ↳ app/controllers/marks_controller.rb:63:in `set_mark'
  [1m[35m (0.1ms)[0m  [1m[36mbegin transaction[0m
  ↳ app/controllers/marks_controller.rb:40:in `block in update'
  [1m[36mStudent Load (0.2ms)[0m  [1m[34mSELECT "students".* FROM "students" WHERE "students"."id" = ? LIMIT ?[0m  [["id", 1], ["LIMIT", 1]]
  ↳ app/controllers/marks_controller.rb:40:in `block in update'
  [1m[36mMark Update (0.5ms)[0m  [1m[33mUPDATE "marks" SET "total_marks" = ?, "percentage" = ?, "updated_at" = ? WHERE "marks"."id" = ?[0m  [["total_marks", 315], ["percentage", 63.0], ["updated_at", "2022-11-29 04:02:36.261652"], ["id", 1]]
  ↳ app/controllers/marks_controller.rb:40:in `block in update'
  [1m[35m (2.4ms)[0m  [1m[36mcommit transaction[0m
  ↳ app/controllers/marks_controller.rb:40:in `block in update'
Redirected to http://localhost:3000/marks/1
Completed 302 Found in 50ms (ActiveRecord: 5.5ms | Allocations: 22491)


Started GET "/marks/1" for ::1 at 2022-11-29 09:32:36 +0530
Processing by MarksController#show as HTML
  Parameters: {"id"=>"1"}
  [1m[36mMark Load (0.4ms)[0m  [1m[34mSELECT "marks".* FROM "marks" WHERE "marks"."id" = ? LIMIT ?[0m  [["id", 1], ["LIMIT", 1]]
  ↳ app/controllers/marks_controller.rb:63:in `set_mark'
  Rendering marks/show.html.erb within layouts/application
  [1m[36mStudent Load (0.3ms)[0m  [1m[34mSELECT "students".* FROM "students" WHERE "students"."id" = ? LIMIT ?[0m  [["id", 1], ["LIMIT", 1]]
  ↳ app/views/marks/show.html.erb:40
  Rendered marks/show.html.erb within layouts/application (Duration: 5.3ms | Allocations: 879)
Completed 200 OK in 18ms (Views: 12.2ms | ActiveRecord: 0.7ms | Allocations: 3738)


Started GET "/marks" for ::1 at 2022-11-29 09:32:46 +0530
Processing by MarksController#index as HTML
  Rendering marks/index.html.erb within layouts/application
  [1m[36mMark Load (0.3ms)[0m  [1m[34mSELECT "marks".* FROM "marks"[0m
  ↳ app/views/marks/index.html.erb:21
  [1m[36mStudent Load (0.2ms)[0m  [1m[34mSELECT "students".* FROM "students" WHERE "students"."id" = ? LIMIT ?[0m  [["id", 1], ["LIMIT", 1]]
  ↳ app/views/marks/index.html.erb:30
  [1m[36mStudent Load (0.3ms)[0m  [1m[34mSELECT "students".* FROM "students" WHERE "students"."id" = ? LIMIT ?[0m  [["id", 2], ["LIMIT", 1]]
  ↳ app/views/marks/index.html.erb:30
  Rendered marks/index.html.erb within layouts/application (Duration: 7.7ms | Allocations: 2656)
Completed 200 OK in 11ms (Views: 9.2ms | ActiveRecord: 0.8ms | Allocations: 4781)


Started GET "/marks/2/edit" for ::1 at 2022-11-29 09:32:50 +0530
Processing by MarksController#edit as HTML
  Parameters: {"id"=>"2"}
  [1m[36mMark Load (0.1ms)[0m  [1m[34mSELECT "marks".* FROM "marks" WHERE "marks"."id" = ? LIMIT ?[0m  [["id", 2], ["LIMIT", 1]]
  ↳ app/controllers/marks_controller.rb:63:in `set_mark'
  Rendering marks/edit.html.erb within layouts/application
  Rendered marks/_form.html.erb (Duration: 3.3ms | Allocations: 2420)
  Rendered marks/edit.html.erb within layouts/application (Duration: 3.7ms | Allocations: 2561)
Completed 200 OK in 8ms (Views: 6.0ms | ActiveRecord: 0.1ms | Allocations: 5230)


Started PATCH "/marks/2" for ::1 at 2022-11-29 09:32:51 +0530
Processing by MarksController#update as HTML
  Parameters: {"authenticity_token"=>"VEQitvyPilQIU96g0/EWr0KkqUBHr2EkMoXroBUYg0OG/8+3/FsDGkpHexFPEFPdMhJnksQA1FyCwYxpourkpA==", "mark"=>{"m1"=>"54", "m2"=>"45", "m3"=>"64", "m4"=>"51", "m5"=>"24", "total_marks"=>"", "percentage"=>"", "student_id"=>"2"}, "commit"=>"Update Mark", "id"=>"2"}
  [1m[36mMark Load (0.2ms)[0m  [1m[34mSELECT "marks".* FROM "marks" WHERE "marks"."id" = ? LIMIT ?[0m  [["id", 2], ["LIMIT", 1]]
  ↳ app/controllers/marks_controller.rb:63:in `set_mark'
  [1m[35m (0.1ms)[0m  [1m[36mbegin transaction[0m
  ↳ app/controllers/marks_controller.rb:40:in `block in update'
  [1m[36mStudent Load (0.2ms)[0m  [1m[34mSELECT "students".* FROM "students" WHERE "students"."id" = ? LIMIT ?[0m  [["id", 2], ["LIMIT", 1]]
  ↳ app/controllers/marks_controller.rb:40:in `block in update'
  [1m[36mMark Update (0.5ms)[0m  [1m[33mUPDATE "marks" SET "total_marks" = ?, "percentage" = ?, "updated_at" = ? WHERE "marks"."id" = ?[0m  [["total_marks", 238], ["percentage", 47.0], ["updated_at", "2022-11-29 04:02:51.756904"], ["id", 2]]
  ↳ app/controllers/marks_controller.rb:40:in `block in update'
  [1m[35m (3.3ms)[0m  [1m[36mcommit transaction[0m
  ↳ app/controllers/marks_controller.rb:40:in `block in update'
Redirected to http://localhost:3000/marks/2
Completed 302 Found in 20ms (ActiveRecord: 4.3ms | Allocations: 7177)


Started GET "/marks/2" for ::1 at 2022-11-29 09:32:51 +0530
Processing by MarksController#show as HTML
  Parameters: {"id"=>"2"}
  [1m[36mMark Load (0.2ms)[0m  [1m[34mSELECT "marks".* FROM "marks" WHERE "marks"."id" = ? LIMIT ?[0m  [["id", 2], ["LIMIT", 1]]
  ↳ app/controllers/marks_controller.rb:63:in `set_mark'
  Rendering marks/show.html.erb within layouts/application
  [1m[36mStudent Load (0.1ms)[0m  [1m[34mSELECT "students".* FROM "students" WHERE "students"."id" = ? LIMIT ?[0m  [["id", 2], ["LIMIT", 1]]
  ↳ app/views/marks/show.html.erb:40
  Rendered marks/show.html.erb within layouts/application (Duration: 2.0ms | Allocations: 868)
Completed 200 OK in 7ms (Views: 4.9ms | ActiveRecord: 0.3ms | Allocations: 3556)


Started GET "/marks" for ::1 at 2022-11-29 09:32:55 +0530
Processing by MarksController#index as HTML
  Rendering marks/index.html.erb within layouts/application
  [1m[36mMark Load (0.1ms)[0m  [1m[34mSELECT "marks".* FROM "marks"[0m
  ↳ app/views/marks/index.html.erb:21
  [1m[36mStudent Load (0.1ms)[0m  [1m[34mSELECT "students".* FROM "students" WHERE "students"."id" = ? LIMIT ?[0m  [["id", 1], ["LIMIT", 1]]
  ↳ app/views/marks/index.html.erb:30
  [1m[36mStudent Load (0.1ms)[0m  [1m[34mSELECT "students".* FROM "students" WHERE "students"."id" = ? LIMIT ?[0m  [["id", 2], ["LIMIT", 1]]
  ↳ app/views/marks/index.html.erb:30
  Rendered marks/index.html.erb within layouts/application (Duration: 4.1ms | Allocations: 2547)
Completed 200 OK in 7ms (Views: 6.3ms | ActiveRecord: 0.3ms | Allocations: 4668)


Started GET "/marks/1" for ::1 at 2022-11-29 09:32:57 +0530
Processing by MarksController#show as HTML
  Parameters: {"id"=>"1"}
  [1m[36mMark Load (0.2ms)[0m  [1m[34mSELECT "marks".* FROM "marks" WHERE "marks"."id" = ? LIMIT ?[0m  [["id", 1], ["LIMIT", 1]]
  ↳ app/controllers/marks_controller.rb:63:in `set_mark'
  Rendering marks/show.html.erb within layouts/application
  [1m[36mStudent Load (0.2ms)[0m  [1m[34mSELECT "students".* FROM "students" WHERE "students"."id" = ? LIMIT ?[0m  [["id", 1], ["LIMIT", 1]]
  ↳ app/views/marks/show.html.erb:40
  Rendered marks/show.html.erb within layouts/application (Duration: 2.6ms | Allocations: 866)
Completed 200 OK in 9ms (Views: 6.0ms | ActiveRecord: 0.4ms | Allocations: 3537)


Started GET "/marks" for ::1 at 2022-11-29 09:32:59 +0530
Processing by MarksController#index as HTML
  Rendering marks/index.html.erb within layouts/application
  [1m[36mMark Load (0.1ms)[0m  [1m[34mSELECT "marks".* FROM "marks"[0m
  ↳ app/views/marks/index.html.erb:21
  [1m[36mStudent Load (0.1ms)[0m  [1m[34mSELECT "students".* FROM "students" WHERE "students"."id" = ? LIMIT ?[0m  [["id", 1], ["LIMIT", 1]]
  ↳ app/views/marks/index.html.erb:30
  [1m[36mStudent Load (0.1ms)[0m  [1m[34mSELECT "students".* FROM "students" WHERE "students"."id" = ? LIMIT ?[0m  [["id", 2], ["LIMIT", 1]]
  ↳ app/views/marks/index.html.erb:30
  Rendered marks/index.html.erb within layouts/application (Duration: 4.3ms | Allocations: 2547)
Completed 200 OK in 6ms (Views: 5.2ms | ActiveRecord: 0.3ms | Allocations: 4656)


Started GET "/students/1/edit" for ::1 at 2022-11-29 09:33:06 +0530
Processing by StudentsController#edit as HTML
  Parameters: {"id"=>"1"}
  [1m[36mStudent Load (0.2ms)[0m  [1m[34mSELECT "students".* FROM "students" WHERE "students"."id" = ? LIMIT ?[0m  [["id", 1], ["LIMIT", 1]]
  ↳ app/controllers/students_controller.rb:63:in `set_student'
  Rendering students/edit.html.erb within layouts/application
  Rendered students/_form.html.erb (Duration: 12.6ms | Allocations: 2335)
  Rendered students/edit.html.erb within layouts/application (Duration: 17.0ms | Allocations: 2749)
Completed 200 OK in 31ms (Views: 25.2ms | ActiveRecord: 0.2ms | Allocations: 5866)


Started PATCH "/students/1" for ::1 at 2022-11-29 09:33:08 +0530
Processing by StudentsController#update as HTML
  Parameters: {"authenticity_token"=>"RCKBLC6L3Wz+/el1Tu0ejgEuVpueicKssvWYsyiXWSo3ZDCO+2m/xQZlvywtg8GCt03xMq0r9ePgaIa3ViTLPg==", "student"=>{"name"=>"saurav", "age"=>"24", "address"=>"bangalore", "phone"=>"7991148687", "email"=>"saurav.88048@gmail.com"}, "commit"=>"Update Student", "id"=>"1"}
  [1m[36mStudent Load (0.3ms)[0m  [1m[34mSELECT "students".* FROM "students" WHERE "students"."id" = ? LIMIT ?[0m  [["id", 1], ["LIMIT", 1]]
  ↳ app/controllers/students_controller.rb:63:in `set_student'
Redirected to http://localhost:3000/students/1
Completed 302 Found in 9ms (ActiveRecord: 0.3ms | Allocations: 1520)


Started GET "/students/1" for ::1 at 2022-11-29 09:33:08 +0530
Processing by StudentsController#show as HTML
  Parameters: {"id"=>"1"}
  [1m[36mStudent Load (0.2ms)[0m  [1m[34mSELECT "students".* FROM "students" WHERE "students"."id" = ? LIMIT ?[0m  [["id", 1], ["LIMIT", 1]]
  ↳ app/controllers/students_controller.rb:63:in `set_student'
  Rendering students/show.html.erb within layouts/application
  [1m[36mMark Load (0.5ms)[0m  [1m[34mSELECT "marks".* FROM "marks" WHERE "marks"."student_id" = ?[0m  [["student_id", 1]]
  ↳ app/views/students/show.html.erb:28
  Rendered students/show.html.erb within layouts/application (Duration: 9.5ms | Allocations: 1707)
Completed 200 OK in 23ms (Views: 18.2ms | ActiveRecord: 0.7ms | Allocations: 4405)


Started GET "/students" for ::1 at 2022-11-29 09:33:15 +0530
Processing by StudentsController#index as HTML
  Rendering students/index.html.erb within layouts/application
  [1m[36mStudent Load (0.3ms)[0m  [1m[34mSELECT "students".* FROM "students"[0m
  ↳ app/views/students/index.html.erb:18
  Rendered students/index.html.erb within layouts/application (Duration: 8.6ms | Allocations: 1376)
Completed 200 OK in 20ms (Views: 18.8ms | ActiveRecord: 0.3ms | Allocations: 3617)


Started GET "/students/2/edit" for ::1 at 2022-11-29 09:33:26 +0530
Processing by StudentsController#edit as HTML
  Parameters: {"id"=>"2"}
  [1m[36mStudent Load (1.2ms)[0m  [1m[34mSELECT "students".* FROM "students" WHERE "students"."id" = ? LIMIT ?[0m  [["id", 2], ["LIMIT", 1]]
  ↳ app/controllers/students_controller.rb:63:in `set_student'
  Rendering students/edit.html.erb within layouts/application
  Rendered students/_form.html.erb (Duration: 6.1ms | Allocations: 1691)
  Rendered students/edit.html.erb within layouts/application (Duration: 6.6ms | Allocations: 1833)
Completed 200 OK in 34ms (Views: 29.6ms | ActiveRecord: 1.2ms | Allocations: 4513)


Started PATCH "/students/2" for ::1 at 2022-11-29 09:33:28 +0530
Processing by StudentsController#update as HTML
  Parameters: {"authenticity_token"=>"DIHr3UP7LjdmqEZ9pSdsI9kQit0hsz6p6jS9ObvWeuEyMN2dg8NnlpzNpcfL0wUmrYSC6fepicc9RbFM96UkGA==", "student"=>{"name"=>"amit", "age"=>"26", "address"=>"bangalore", "phone"=>"256456245", "email"=>"amit.89@gmail.com"}, "commit"=>"Update Student", "id"=>"2"}
  [1m[36mStudent Load (0.2ms)[0m  [1m[34mSELECT "students".* FROM "students" WHERE "students"."id" = ? LIMIT ?[0m  [["id", 2], ["LIMIT", 1]]
  ↳ app/controllers/students_controller.rb:63:in `set_student'
Redirected to http://localhost:3000/students/2
Completed 302 Found in 4ms (ActiveRecord: 0.2ms | Allocations: 1437)


Started GET "/students/2" for ::1 at 2022-11-29 09:33:28 +0530
Processing by StudentsController#show as HTML
  Parameters: {"id"=>"2"}
  [1m[36mStudent Load (0.3ms)[0m  [1m[34mSELECT "students".* FROM "students" WHERE "students"."id" = ? LIMIT ?[0m  [["id", 2], ["LIMIT", 1]]
  ↳ app/controllers/students_controller.rb:63:in `set_student'
  Rendering students/show.html.erb within layouts/application
  [1m[36mMark Load (0.2ms)[0m  [1m[34mSELECT "marks".* FROM "marks" WHERE "marks"."student_id" = ?[0m  [["student_id", 2]]
  ↳ app/views/students/show.html.erb:28
  Rendered students/show.html.erb within layouts/application (Duration: 2.8ms | Allocations: 887)
Completed 200 OK in 10ms (Views: 5.6ms | ActiveRecord: 0.5ms | Allocations: 3573)


Started GET "/students" for ::1 at 2022-11-29 09:33:30 +0530
Processing by StudentsController#index as HTML
  Rendering students/index.html.erb within layouts/application
  [1m[36mStudent Load (0.2ms)[0m  [1m[34mSELECT "students".* FROM "students"[0m
  ↳ app/views/students/index.html.erb:18
  Rendered students/index.html.erb within layouts/application (Duration: 2.3ms | Allocations: 1032)
Completed 200 OK in 6ms (Views: 4.9ms | ActiveRecord: 0.2ms | Allocations: 3155)


